ERROR - 2023-08-13 01:28:16 --> Email: sendWithSmtp throwed ErrorException: stream_socket_enable_crypto(): SSL/TLS already set-up for this stream in C:\wamp64\www\codeigniter\system\Email\Email.php:1883
Stack trace:
#0 [internal function]: CodeIgniter\Debug\Exceptions->errorHandler(2, 'stream_socket_e...', 'C:\\wamp64\\www\\c...', 1883)
#1 C:\wamp64\www\codeigniter\system\Email\Email.php(1883): stream_socket_enable_crypto(Resource id #14, true, 121)
#2 C:\wamp64\www\codeigniter\system\Email\Email.php(1782): CodeIgniter\Email\Email->SMTPConnect()
#3 C:\wamp64\www\codeigniter\system\Email\Email.php(1667): CodeIgniter\Email\Email->sendWithSmtp()
#4 C:\wamp64\www\codeigniter\system\Email\Email.php(1565): CodeIgniter\Email\Email->spoolEmail()
#5 C:\wamp64\www\codeigniter\app\Controllers\EmailController.php(23): CodeIgniter\Email\Email->send()
#6 C:\wamp64\www\codeigniter\system\CodeIgniter.php(932): App\Controllers\EmailController->email()
#7 C:\wamp64\www\codeigniter\system\CodeIgniter.php(497): CodeIgniter\CodeIgniter->runController(Object(App\Controllers\EmailController))
#8 C:\wamp64\www\codeigniter\system\CodeIgniter.php(366): CodeIgniter\CodeIgniter->handleRequest(NULL, Object(Config\Cache), false)
#9 C:\wamp64\www\codeigniter\public\index.php(67): CodeIgniter\CodeIgniter->run()
#10 {main}
ERROR - 2023-08-13 01:28:16 --> Email: Unable to send email using SMTP. Your server might not be configured to send mail using this method.
ERROR - 2023-08-13 01:28:16 --> 220 smtp.gmail.com ESMTP dt18-20020a0568705a9200b001c024416b1fsm3588393oab.46 - gsmtp

hello: 250-smtp.gmail.com at your service, [2806:2f0:8041:fd3d:3a63:28:a797:34f2]
250-SIZE 35882577
250-8BITMIME
250-AUTH LOGIN PLAIN XOAUTH2 PLAIN-CLIENTTOKEN OAUTHBEARER XOAUTH
250-ENHANCEDSTATUSCODES
250-PIPELINING
250-CHUNKING
250 SMTPUTF8

starttls: 530-5.7.0 Authentication Required. Learn more at
530 5.7.0  https://support.google.com/mail/?p=WantAuthError dt18-20020a0568705a9200b001c024416b1fsm3588393oab.46 - gsmtp

The following SMTP error was encountered: 530-5.7.0 Authentication Required. Learn more at
530 5.7.0  https://support.google.com/mail/?p=WantAuthError dt18-20020a0568705a9200b001c024416b1fsm3588393oab.46 - gsmtp

INFO - 2023-08-13 01:30:06 --> Session: Class initialized using 'CodeIgniter\Session\Handlers\FileHandler' driver.
INFO - 2023-08-13 03:10:57 --> Session: Class initialized using 'CodeIgniter\Session\Handlers\FileHandler' driver.
CRITICAL - 2023-08-13 03:54:11 --> foreach() argument must be of type array|object, null given
in APPPATH\Views\template\alertas.php on line 2.
 1 APPPATH\Views\template\alertas.php(2): CodeIgniter\Debug\Exceptions->errorHandler(2, 'foreach() argument must be of type array|object, null given', 'C:\\wamp64\\www\\codeigniter\\app\\Views\\template\\alertas.php', 2)
 2 SYSTEMPATH\View\View.php(224): include('C:\\wamp64\\www\\codeigniter\\app\\Views\\template\\alertas.php')
 3 SYSTEMPATH\View\View.php(227): CodeIgniter\View\View->CodeIgniter\View\{closure}()
 4 SYSTEMPATH\Common.php(1180): CodeIgniter\View\View->render('template/alertas', [], true)
 5 APPPATH\Views\auth\registro.php(11): view('template/alertas', [...])
 6 SYSTEMPATH\View\View.php(224): include('C:\\wamp64\\www\\codeigniter\\app\\Views\\auth\\registro.php')
 7 SYSTEMPATH\View\View.php(227): CodeIgniter\View\View->CodeIgniter\View\{closure}()
 8 SYSTEMPATH\Common.php(1180): CodeIgniter\View\View->render('auth/registro', [], true)
 9 APPPATH\Controllers\AuthController.php(130): view('auth/registro', [...])
10 SYSTEMPATH\CodeIgniter.php(932): App\Controllers\AuthController->crear()
11 SYSTEMPATH\CodeIgniter.php(497): CodeIgniter\CodeIgniter->runController(Object(App\Controllers\AuthController))
12 SYSTEMPATH\CodeIgniter.php(366): CodeIgniter\CodeIgniter->handleRequest(null, Object(Config\Cache), false)
13 FCPATH\index.php(67): CodeIgniter\CodeIgniter->run()
CRITICAL - 2023-08-13 03:54:22 --> foreach() argument must be of type array|object, null given
in APPPATH\Views\template\alertas.php on line 2.
 1 APPPATH\Views\template\alertas.php(2): CodeIgniter\Debug\Exceptions->errorHandler(2, 'foreach() argument must be of type array|object, null given', 'C:\\wamp64\\www\\codeigniter\\app\\Views\\template\\alertas.php', 2)
 2 SYSTEMPATH\View\View.php(224): include('C:\\wamp64\\www\\codeigniter\\app\\Views\\template\\alertas.php')
 3 SYSTEMPATH\View\View.php(227): CodeIgniter\View\View->CodeIgniter\View\{closure}()
 4 SYSTEMPATH\Common.php(1180): CodeIgniter\View\View->render('template/alertas', [], true)
 5 APPPATH\Views\auth\registro.php(11): view('template/alertas', [...])
 6 SYSTEMPATH\View\View.php(224): include('C:\\wamp64\\www\\codeigniter\\app\\Views\\auth\\registro.php')
 7 SYSTEMPATH\View\View.php(227): CodeIgniter\View\View->CodeIgniter\View\{closure}()
 8 SYSTEMPATH\Common.php(1180): CodeIgniter\View\View->render('auth/registro', [], true)
 9 APPPATH\Controllers\AuthController.php(130): view('auth/registro', [...])
10 SYSTEMPATH\CodeIgniter.php(932): App\Controllers\AuthController->crear()
11 SYSTEMPATH\CodeIgniter.php(497): CodeIgniter\CodeIgniter->runController(Object(App\Controllers\AuthController))
12 SYSTEMPATH\CodeIgniter.php(366): CodeIgniter\CodeIgniter->handleRequest(null, Object(Config\Cache), false)
13 FCPATH\index.php(67): CodeIgniter\CodeIgniter->run()
CRITICAL - 2023-08-13 04:07:16 --> Trying to access array offset on value of type null
in SYSTEMPATH\BaseModel.php on line 782.
 1 SYSTEMPATH\BaseModel.php(782): CodeIgniter\Debug\Exceptions->errorHandler(2, 'Trying to access array offset on value of type null', 'C:\\wamp64\\www\\codeigniter\\system\\BaseModel.php', 782)
 2 SYSTEMPATH\Model.php(730): CodeIgniter\BaseModel->insert([...], true)
 3 APPPATH\Controllers\AuthController.php(126): CodeIgniter\Model->insert(Object(App\Entities\UsuarioEntity))
 4 SYSTEMPATH\CodeIgniter.php(932): App\Controllers\AuthController->crear()
 5 SYSTEMPATH\CodeIgniter.php(497): CodeIgniter\CodeIgniter->runController(Object(App\Controllers\AuthController))
 6 SYSTEMPATH\CodeIgniter.php(366): CodeIgniter\CodeIgniter->handleRequest(null, Object(Config\Cache), false)
 7 FCPATH\index.php(67): CodeIgniter\CodeIgniter->run()
CRITICAL - 2023-08-13 04:09:46 --> Call to a member function getErrors() on null
in APPPATH\Controllers\AuthController.php on line 132.
 1 SYSTEMPATH\CodeIgniter.php(932): App\Controllers\AuthController->crear()
 2 SYSTEMPATH\CodeIgniter.php(497): CodeIgniter\CodeIgniter->runController(Object(App\Controllers\AuthController))
 3 SYSTEMPATH\CodeIgniter.php(366): CodeIgniter\CodeIgniter->handleRequest(null, Object(Config\Cache), false)
 4 FCPATH\index.php(67): CodeIgniter\CodeIgniter->run()
CRITICAL - 2023-08-13 04:10:34 --> Call to a member function getErrors() on null
in APPPATH\Controllers\AuthController.php on line 114.
 1 SYSTEMPATH\CodeIgniter.php(932): App\Controllers\AuthController->crear()
 2 SYSTEMPATH\CodeIgniter.php(497): CodeIgniter\CodeIgniter->runController(Object(App\Controllers\AuthController))
 3 SYSTEMPATH\CodeIgniter.php(366): CodeIgniter\CodeIgniter->handleRequest(null, Object(Config\Cache), false)
 4 FCPATH\index.php(67): CodeIgniter\CodeIgniter->run()
CRITICAL - 2023-08-13 04:12:47 --> Call to a member function getErrors() on null
in APPPATH\Controllers\AuthController.php on line 131.
 1 SYSTEMPATH\CodeIgniter.php(932): App\Controllers\AuthController->crear()
 2 SYSTEMPATH\CodeIgniter.php(497): CodeIgniter\CodeIgniter->runController(Object(App\Controllers\AuthController))
 3 SYSTEMPATH\CodeIgniter.php(366): CodeIgniter\CodeIgniter->handleRequest(null, Object(Config\Cache), false)
 4 FCPATH\index.php(67): CodeIgniter\CodeIgniter->run()
CRITICAL - 2023-08-13 04:14:35 --> Call to a member function getErrors() on null
in APPPATH\Controllers\AuthController.php on line 132.
 1 SYSTEMPATH\CodeIgniter.php(932): App\Controllers\AuthController->crear()
 2 SYSTEMPATH\CodeIgniter.php(497): CodeIgniter\CodeIgniter->runController(Object(App\Controllers\AuthController))
 3 SYSTEMPATH\CodeIgniter.php(366): CodeIgniter\CodeIgniter->handleRequest(null, Object(Config\Cache), false)
 4 FCPATH\index.php(67): CodeIgniter\CodeIgniter->run()
CRITICAL - 2023-08-13 04:15:05 --> Call to a member function getErrors() on null
in APPPATH\Controllers\AuthController.php on line 132.
 1 SYSTEMPATH\CodeIgniter.php(932): App\Controllers\AuthController->crear()
 2 SYSTEMPATH\CodeIgniter.php(497): CodeIgniter\CodeIgniter->runController(Object(App\Controllers\AuthController))
 3 SYSTEMPATH\CodeIgniter.php(366): CodeIgniter\CodeIgniter->handleRequest(null, Object(Config\Cache), false)
 4 FCPATH\index.php(67): CodeIgniter\CodeIgniter->run()
CRITICAL - 2023-08-13 04:15:06 --> Call to a member function getErrors() on null
in APPPATH\Controllers\AuthController.php on line 132.
 1 SYSTEMPATH\CodeIgniter.php(932): App\Controllers\AuthController->crear()
 2 SYSTEMPATH\CodeIgniter.php(497): CodeIgniter\CodeIgniter->runController(Object(App\Controllers\AuthController))
 3 SYSTEMPATH\CodeIgniter.php(366): CodeIgniter\CodeIgniter->handleRequest(null, Object(Config\Cache), false)
 4 FCPATH\index.php(67): CodeIgniter\CodeIgniter->run()
CRITICAL - 2023-08-13 04:15:45 --> Call to undefined method CodeIgniter\Validation\Validation::validate()
in APPPATH\Controllers\AuthController.php on line 119.
 1 SYSTEMPATH\CodeIgniter.php(932): App\Controllers\AuthController->crear()
 2 SYSTEMPATH\CodeIgniter.php(497): CodeIgniter\CodeIgniter->runController(Object(App\Controllers\AuthController))
 3 SYSTEMPATH\CodeIgniter.php(366): CodeIgniter\CodeIgniter->handleRequest(null, Object(Config\Cache), false)
 4 FCPATH\index.php(67): CodeIgniter\CodeIgniter->run()
INFO - 2023-08-13 04:23:09 --> Session: Class initialized using 'CodeIgniter\Session\Handlers\FileHandler' driver.
INFO - 2023-08-13 04:23:09 --> Session: Class initialized using 'CodeIgniter\Session\Handlers\FileHandler' driver.
INFO - 2023-08-13 04:23:58 --> Session: Class initialized using 'CodeIgniter\Session\Handlers\FileHandler' driver.
INFO - 2023-08-13 04:23:59 --> Session: Class initialized using 'CodeIgniter\Session\Handlers\FileHandler' driver.
INFO - 2023-08-13 04:25:22 --> Session: Class initialized using 'CodeIgniter\Session\Handlers\FileHandler' driver.
INFO - 2023-08-13 04:25:23 --> Session: Class initialized using 'CodeIgniter\Session\Handlers\FileHandler' driver.
INFO - 2023-08-13 04:25:49 --> Session: Class initialized using 'CodeIgniter\Session\Handlers\FileHandler' driver.
INFO - 2023-08-13 04:25:49 --> Session: Class initialized using 'CodeIgniter\Session\Handlers\FileHandler' driver.
INFO - 2023-08-13 04:28:11 --> Session: Class initialized using 'CodeIgniter\Session\Handlers\FileHandler' driver.
INFO - 2023-08-13 04:28:16 --> Session: Class initialized using 'CodeIgniter\Session\Handlers\FileHandler' driver.
INFO - 2023-08-13 04:28:16 --> Session: Class initialized using 'CodeIgniter\Session\Handlers\FileHandler' driver.
INFO - 2023-08-13 04:30:09 --> Session: Class initialized using 'CodeIgniter\Session\Handlers\FileHandler' driver.
INFO - 2023-08-13 04:30:10 --> Session: Class initialized using 'CodeIgniter\Session\Handlers\FileHandler' driver.
CRITICAL - 2023-08-13 04:30:10 --> Array to string conversion
in APPPATH\Views\auth\registro.php on line 12.
 1 APPPATH\Views\auth\registro.php(12): CodeIgniter\Debug\Exceptions->errorHandler(2, 'Array to string conversion', 'C:\\wamp64\\www\\codeigniter\\app\\Views\\auth\\registro.php', 12)
 2 SYSTEMPATH\View\View.php(224): include('C:\\wamp64\\www\\codeigniter\\app\\Views\\auth\\registro.php')
 3 SYSTEMPATH\View\View.php(227): CodeIgniter\View\View->CodeIgniter\View\{closure}()
 4 SYSTEMPATH\Common.php(1180): CodeIgniter\View\View->render('auth/registro', [], true)
 5 APPPATH\Controllers\AuthController.php(131): view('auth/registro', [...])
 6 SYSTEMPATH\CodeIgniter.php(932): App\Controllers\AuthController->crear()
 7 SYSTEMPATH\CodeIgniter.php(497): CodeIgniter\CodeIgniter->runController(Object(App\Controllers\AuthController))
 8 SYSTEMPATH\CodeIgniter.php(366): CodeIgniter\CodeIgniter->handleRequest(null, Object(Config\Cache), false)
 9 FCPATH\index.php(67): CodeIgniter\CodeIgniter->run()
INFO - 2023-08-13 04:30:25 --> Session: Class initialized using 'CodeIgniter\Session\Handlers\FileHandler' driver.
INFO - 2023-08-13 04:31:44 --> Session: Class initialized using 'CodeIgniter\Session\Handlers\FileHandler' driver.
INFO - 2023-08-13 04:31:44 --> Session: Class initialized using 'CodeIgniter\Session\Handlers\FileHandler' driver.
INFO - 2023-08-13 04:35:43 --> Session: Class initialized using 'CodeIgniter\Session\Handlers\FileHandler' driver.
INFO - 2023-08-13 04:35:43 --> Session: Class initialized using 'CodeIgniter\Session\Handlers\FileHandler' driver.
INFO - 2023-08-13 04:36:25 --> Session: Class initialized using 'CodeIgniter\Session\Handlers\FileHandler' driver.
INFO - 2023-08-13 04:36:25 --> Session: Class initialized using 'CodeIgniter\Session\Handlers\FileHandler' driver.
INFO - 2023-08-13 04:37:34 --> Session: Class initialized using 'CodeIgniter\Session\Handlers\FileHandler' driver.
INFO - 2023-08-13 04:37:34 --> Session: Class initialized using 'CodeIgniter\Session\Handlers\FileHandler' driver.
INFO - 2023-08-13 04:39:38 --> Session: Class initialized using 'CodeIgniter\Session\Handlers\FileHandler' driver.
CRITICAL - 2023-08-13 04:39:38 --> foreach() argument must be of type array|object, null given
in APPPATH\Views\auth\registro.php on line 12.
 1 APPPATH\Views\auth\registro.php(12): CodeIgniter\Debug\Exceptions->errorHandler(2, 'foreach() argument must be of type array|object, null given', 'C:\\wamp64\\www\\codeigniter\\app\\Views\\auth\\registro.php', 12)
 2 SYSTEMPATH\View\View.php(224): include('C:\\wamp64\\www\\codeigniter\\app\\Views\\auth\\registro.php')
 3 SYSTEMPATH\View\View.php(227): CodeIgniter\View\View->CodeIgniter\View\{closure}()
 4 SYSTEMPATH\Common.php(1180): CodeIgniter\View\View->render('auth/registro', [], true)
 5 APPPATH\Controllers\AuthController.php(131): view('auth/registro')
 6 SYSTEMPATH\CodeIgniter.php(932): App\Controllers\AuthController->crear()
 7 SYSTEMPATH\CodeIgniter.php(497): CodeIgniter\CodeIgniter->runController(Object(App\Controllers\AuthController))
 8 SYSTEMPATH\CodeIgniter.php(366): CodeIgniter\CodeIgniter->handleRequest(null, Object(Config\Cache), false)
 9 FCPATH\index.php(67): CodeIgniter\CodeIgniter->run()
INFO - 2023-08-13 04:39:59 --> Session: Class initialized using 'CodeIgniter\Session\Handlers\FileHandler' driver.
INFO - 2023-08-13 04:40:51 --> Session: Class initialized using 'CodeIgniter\Session\Handlers\FileHandler' driver.
INFO - 2023-08-13 04:40:51 --> Session: Class initialized using 'CodeIgniter\Session\Handlers\FileHandler' driver.
INFO - 2023-08-13 04:41:01 --> Session: Class initialized using 'CodeIgniter\Session\Handlers\FileHandler' driver.
INFO - 2023-08-13 04:45:33 --> Session: Class initialized using 'CodeIgniter\Session\Handlers\FileHandler' driver.
INFO - 2023-08-13 04:45:52 --> Session: Class initialized using 'CodeIgniter\Session\Handlers\FileHandler' driver.
INFO - 2023-08-13 04:45:53 --> Session: Class initialized using 'CodeIgniter\Session\Handlers\FileHandler' driver.
INFO - 2023-08-13 04:46:00 --> Session: Class initialized using 'CodeIgniter\Session\Handlers\FileHandler' driver.
INFO - 2023-08-13 05:00:36 --> Session: Class initialized using 'CodeIgniter\Session\Handlers\FileHandler' driver.
INFO - 2023-08-13 05:00:36 --> Session: Class initialized using 'CodeIgniter\Session\Handlers\FileHandler' driver.
INFO - 2023-08-13 05:00:45 --> Session: Class initialized using 'CodeIgniter\Session\Handlers\FileHandler' driver.
INFO - 2023-08-13 05:01:45 --> Session: Class initialized using 'CodeIgniter\Session\Handlers\FileHandler' driver.
INFO - 2023-08-13 05:06:46 --> Session: Class initialized using 'CodeIgniter\Session\Handlers\FileHandler' driver.
INFO - 2023-08-13 05:10:13 --> Session: Class initialized using 'CodeIgniter\Session\Handlers\FileHandler' driver.
INFO - 2023-08-13 05:10:40 --> Session: Class initialized using 'CodeIgniter\Session\Handlers\FileHandler' driver.
INFO - 2023-08-13 05:10:40 --> Session: Class initialized using 'CodeIgniter\Session\Handlers\FileHandler' driver.
