ERROR - 2023-08-18 07:39:37 --> mysqli_sql_exception: You have an error in your SQL syntax; check the manual that corresponds to your MySQL server version for the right syntax to use near '0, 1, 2, 3, 4, 5, 6, 7, 8, 9) VALUES (:0:, :1:, :2:, :3:, :4:, :5:, :6:, :7:, :8' at line 1 in C:\wamp64\www\codeigniter\system\Database\MySQLi\Connection.php:295
Stack trace:
#0 C:\wamp64\www\codeigniter\system\Database\MySQLi\Connection.php(295): mysqli->query('INSERT INTO `pr...', 0)
#1 C:\wamp64\www\codeigniter\system\Database\BaseConnection.php(692): CodeIgniter\Database\MySQLi\Connection->execute('INSERT INTO `pr...')
#2 C:\wamp64\www\codeigniter\system\Database\BaseConnection.php(606): CodeIgniter\Database\BaseConnection->simpleQuery('INSERT INTO `pr...')
#3 C:\wamp64\www\codeigniter\system\Database\BaseBuilder.php(2309): CodeIgniter\Database\BaseConnection->query('INSERT INTO `pr...', Array, false)
#4 C:\wamp64\www\codeigniter\app\Database\Seeds\pruebaSeeder.php(23): CodeIgniter\Database\BaseBuilder->insert(Array)
#5 C:\wamp64\www\codeigniter\system\Database\Seeder.php(146): App\Database\Seeds\pruebaSeeder->run()
#6 C:\wamp64\www\codeigniter\system\Commands\Database\Seed.php(77): CodeIgniter\Database\Seeder->call('App\\Database\\Se...')
#7 C:\wamp64\www\codeigniter\system\CLI\Commands.php(65): CodeIgniter\Commands\Database\Seed->run(Array)
#8 C:\wamp64\www\codeigniter\system\CLI\Console.php(37): CodeIgniter\CLI\Commands->run('db:seed', Array)
#9 C:\wamp64\www\codeigniter\spark(97): CodeIgniter\CLI\Console->run()
#10 {main}
ERROR - 2023-08-18 07:40:37 --> mysqli_sql_exception: Unknown column 'usuario' in 'field list' in C:\wamp64\www\codeigniter\system\Database\MySQLi\Connection.php:295
Stack trace:
#0 C:\wamp64\www\codeigniter\system\Database\MySQLi\Connection.php(295): mysqli->query('INSERT INTO `pr...', 0)
#1 C:\wamp64\www\codeigniter\system\Database\BaseConnection.php(692): CodeIgniter\Database\MySQLi\Connection->execute('INSERT INTO `pr...')
#2 C:\wamp64\www\codeigniter\system\Database\BaseConnection.php(606): CodeIgniter\Database\BaseConnection->simpleQuery('INSERT INTO `pr...')
#3 C:\wamp64\www\codeigniter\system\Database\BaseBuilder.php(1801): CodeIgniter\Database\BaseConnection->query('INSERT INTO `pr...', NULL, false)
#4 C:\wamp64\www\codeigniter\system\Database\BaseBuilder.php(2192): CodeIgniter\Database\BaseBuilder->batchExecute('_insertBatch', 100)
#5 C:\wamp64\www\codeigniter\app\Database\Seeds\pruebaSeeder.php(23): CodeIgniter\Database\BaseBuilder->insertBatch(Array)
#6 C:\wamp64\www\codeigniter\system\Database\Seeder.php(146): App\Database\Seeds\pruebaSeeder->run()
#7 C:\wamp64\www\codeigniter\system\Commands\Database\Seed.php(77): CodeIgniter\Database\Seeder->call('App\\Database\\Se...')
#8 C:\wamp64\www\codeigniter\system\CLI\Commands.php(65): CodeIgniter\Commands\Database\Seed->run(Array)
#9 C:\wamp64\www\codeigniter\system\CLI\Console.php(37): CodeIgniter\CLI\Commands->run('db:seed', Array)
#10 C:\wamp64\www\codeigniter\spark(97): CodeIgniter\CLI\Console->run()
#11 {main}
ERROR - 2023-08-18 07:41:26 --> mysqli_sql_exception: Unknown column 'usuario' in 'field list' in C:\wamp64\www\codeigniter\system\Database\MySQLi\Connection.php:295
Stack trace:
#0 C:\wamp64\www\codeigniter\system\Database\MySQLi\Connection.php(295): mysqli->query('INSERT INTO `pr...', 0)
#1 C:\wamp64\www\codeigniter\system\Database\BaseConnection.php(692): CodeIgniter\Database\MySQLi\Connection->execute('INSERT INTO `pr...')
#2 C:\wamp64\www\codeigniter\system\Database\BaseConnection.php(606): CodeIgniter\Database\BaseConnection->simpleQuery('INSERT INTO `pr...')
#3 C:\wamp64\www\codeigniter\system\Database\BaseBuilder.php(1801): CodeIgniter\Database\BaseConnection->query('INSERT INTO `pr...', NULL, false)
#4 C:\wamp64\www\codeigniter\system\Database\BaseBuilder.php(2192): CodeIgniter\Database\BaseBuilder->batchExecute('_insertBatch', 100)
#5 C:\wamp64\www\codeigniter\app\Database\Seeds\pruebaSeeder.php(24): CodeIgniter\Database\BaseBuilder->insertBatch(Array)
#6 C:\wamp64\www\codeigniter\system\Database\Seeder.php(146): App\Database\Seeds\pruebaSeeder->run()
#7 C:\wamp64\www\codeigniter\system\Commands\Database\Seed.php(77): CodeIgniter\Database\Seeder->call('App\\Database\\Se...')
#8 C:\wamp64\www\codeigniter\system\CLI\Commands.php(65): CodeIgniter\Commands\Database\Seed->run(Array)
#9 C:\wamp64\www\codeigniter\system\CLI\Console.php(37): CodeIgniter\CLI\Commands->run('db:seed', Array)
#10 C:\wamp64\www\codeigniter\spark(97): CodeIgniter\CLI\Console->run()
#11 {main}
WARNING - 2023-08-18 07:52:26 --> [DEPRECATED] Since fakerphp/faker 1.20: Provider is deprecated and will no longer be available in Faker 2. Please use a custom provider instead in VENDORPATH\symfony\deprecation-contracts\function.php on line 25.
 1 VENDORPATH\symfony\deprecation-contracts\function.php(25): trigger_error('Since fakerphp/faker 1.20: Provider is deprecated and will no longer be available in Faker 2. Please use a custom provider instead', 16384)
 2 VENDORPATH\fakerphp\faker\src\Faker\Provider\Image.php(119): trigger_deprecation('fakerphp/faker', '1.20', 'Provider is deprecated and will no longer be available in Faker 2. Please use a custom provider instead')
 3 [internal function]: Faker\Provider\Image::image('/tmp', 640, 480)
 4 VENDORPATH\fakerphp\faker\src\Faker\Generator.php(696): call_user_func_array([...], [...])
 5 VENDORPATH\fakerphp\faker\src\Faker\Generator.php(961): Faker\Generator->format('image', [...])
 6 APPPATH\Database\Seeds\pruebaSeeder.php(19): Faker\Generator->__call('image', [...])
 7 SYSTEMPATH\Database\Seeder.php(146): App\Database\Seeds\pruebaSeeder->run()
 8 SYSTEMPATH\Commands\Database\Seed.php(77): CodeIgniter\Database\Seeder->call('App\\Database\\Seeds\\pruebaSeeder')
 9 SYSTEMPATH\CLI\Commands.php(65): CodeIgniter\Commands\Database\Seed->run([])
10 SYSTEMPATH\CLI\Console.php(37): CodeIgniter\CLI\Commands->run('db:seed', [...])
11 ROOTPATH\spark(97): CodeIgniter\CLI\Console->run()
WARNING - 2023-08-18 07:54:00 --> [DEPRECATED] Since fakerphp/faker 1.20: Provider is deprecated and will no longer be available in Faker 2. Please use a custom provider instead in VENDORPATH\symfony\deprecation-contracts\function.php on line 25.
 1 VENDORPATH\symfony\deprecation-contracts\function.php(25): trigger_error('Since fakerphp/faker 1.20: Provider is deprecated and will no longer be available in Faker 2. Please use a custom provider instead', 16384)
 2 VENDORPATH\fakerphp\faker\src\Faker\Provider\Image.php(119): trigger_deprecation('fakerphp/faker', '1.20', 'Provider is deprecated and will no longer be available in Faker 2. Please use a custom provider instead')
 3 [internal function]: Faker\Provider\Image::image('/public/tmpprueba', 640, 480)
 4 VENDORPATH\fakerphp\faker\src\Faker\Generator.php(696): call_user_func_array([...], [...])
 5 VENDORPATH\fakerphp\faker\src\Faker\Generator.php(961): Faker\Generator->format('image', [...])
 6 APPPATH\Database\Seeds\pruebaSeeder.php(19): Faker\Generator->__call('image', [...])
 7 SYSTEMPATH\Database\Seeder.php(146): App\Database\Seeds\pruebaSeeder->run()
 8 SYSTEMPATH\Commands\Database\Seed.php(77): CodeIgniter\Database\Seeder->call('App\\Database\\Seeds\\pruebaSeeder')
 9 SYSTEMPATH\CLI\Commands.php(65): CodeIgniter\Commands\Database\Seed->run([])
10 SYSTEMPATH\CLI\Console.php(37): CodeIgniter\CLI\Commands->run('db:seed', [...])
11 ROOTPATH\spark(97): CodeIgniter\CLI\Console->run()
WARNING - 2023-08-18 07:56:11 --> [DEPRECATED] Since fakerphp/faker 1.20: Provider is deprecated and will no longer be available in Faker 2. Please use a custom provider instead in VENDORPATH\symfony\deprecation-contracts\function.php on line 25.
 1 VENDORPATH\symfony\deprecation-contracts\function.php(25): trigger_error('Since fakerphp/faker 1.20: Provider is deprecated and will no longer be available in Faker 2. Please use a custom provider instead', 16384)
 2 VENDORPATH\fakerphp\faker\src\Faker\Provider\Image.php(119): trigger_deprecation('fakerphp/faker', '1.20', 'Provider is deprecated and will no longer be available in Faker 2. Please use a custom provider instead')
 3 [internal function]: Faker\Provider\Image::image('/public/tmpprueba', 640, 480)
 4 VENDORPATH\fakerphp\faker\src\Faker\Generator.php(696): call_user_func_array([...], [...])
 5 VENDORPATH\fakerphp\faker\src\Faker\Generator.php(961): Faker\Generator->format('image', [...])
 6 APPPATH\Database\Seeds\pruebaSeeder.php(19): Faker\Generator->__call('image', [...])
 7 SYSTEMPATH\Database\Seeder.php(146): App\Database\Seeds\pruebaSeeder->run()
 8 SYSTEMPATH\Commands\Database\Seed.php(77): CodeIgniter\Database\Seeder->call('App\\Database\\Seeds\\pruebaSeeder')
 9 SYSTEMPATH\CLI\Commands.php(65): CodeIgniter\Commands\Database\Seed->run([])
10 SYSTEMPATH\CLI\Console.php(37): CodeIgniter\CLI\Commands->run('db:seed', [...])
11 ROOTPATH\spark(97): CodeIgniter\CLI\Console->run()
WARNING - 2023-08-18 07:57:02 --> [DEPRECATED] Since fakerphp/faker 1.20: Provider is deprecated and will no longer be available in Faker 2. Please use a custom provider instead in VENDORPATH\symfony\deprecation-contracts\function.php on line 25.
 1 VENDORPATH\symfony\deprecation-contracts\function.php(25): trigger_error('Since fakerphp/faker 1.20: Provider is deprecated and will no longer be available in Faker 2. Please use a custom provider instead', 16384)
 2 VENDORPATH\fakerphp\faker\src\Faker\Provider\Image.php(119): trigger_deprecation('fakerphp/faker', '1.20', 'Provider is deprecated and will no longer be available in Faker 2. Please use a custom provider instead')
 3 [internal function]: Faker\Provider\Image::image('/pruebaImg', 640, 480)
 4 VENDORPATH\fakerphp\faker\src\Faker\Generator.php(696): call_user_func_array([...], [...])
 5 VENDORPATH\fakerphp\faker\src\Faker\Generator.php(961): Faker\Generator->format('image', [...])
 6 APPPATH\Database\Seeds\pruebaSeeder.php(19): Faker\Generator->__call('image', [...])
 7 SYSTEMPATH\Database\Seeder.php(146): App\Database\Seeds\pruebaSeeder->run()
 8 SYSTEMPATH\Commands\Database\Seed.php(77): CodeIgniter\Database\Seeder->call('App\\Database\\Seeds\\pruebaSeeder')
 9 SYSTEMPATH\CLI\Commands.php(65): CodeIgniter\Commands\Database\Seed->run([])
10 SYSTEMPATH\CLI\Console.php(37): CodeIgniter\CLI\Commands->run('db:seed', [...])
11 ROOTPATH\spark(97): CodeIgniter\CLI\Console->run()
WARNING - 2023-08-18 07:58:58 --> [DEPRECATED] Since fakerphp/faker 1.20: Provider is deprecated and will no longer be available in Faker 2. Please use a custom provider instead in VENDORPATH\symfony\deprecation-contracts\function.php on line 25.
 1 VENDORPATH\symfony\deprecation-contracts\function.php(25): trigger_error('Since fakerphp/faker 1.20: Provider is deprecated and will no longer be available in Faker 2. Please use a custom provider instead', 16384)
 2 VENDORPATH\fakerphp\faker\src\Faker\Provider\Image.php(119): trigger_deprecation('fakerphp/faker', '1.20', 'Provider is deprecated and will no longer be available in Faker 2. Please use a custom provider instead')
 3 [internal function]: Faker\Provider\Image::image('/pruebaImg', 640, 480)
 4 VENDORPATH\fakerphp\faker\src\Faker\Generator.php(696): call_user_func_array([...], [...])
 5 VENDORPATH\fakerphp\faker\src\Faker\Generator.php(961): Faker\Generator->format('image', [...])
 6 APPPATH\Database\Seeds\pruebaSeeder.php(19): Faker\Generator->__call('image', [...])
 7 SYSTEMPATH\Database\Seeder.php(146): App\Database\Seeds\pruebaSeeder->run()
 8 SYSTEMPATH\Commands\Database\Seed.php(77): CodeIgniter\Database\Seeder->call('App\\Database\\Seeds\\pruebaSeeder')
 9 SYSTEMPATH\CLI\Commands.php(65): CodeIgniter\Commands\Database\Seed->run([])
10 SYSTEMPATH\CLI\Console.php(37): CodeIgniter\CLI\Commands->run('db:seed', [...])
11 ROOTPATH\spark(97): CodeIgniter\CLI\Console->run()
WARNING - 2023-08-18 08:05:09 --> [DEPRECATED] Since fakerphp/faker 1.20: Provider is deprecated and will no longer be available in Faker 2. Please use a custom provider instead in VENDORPATH\symfony\deprecation-contracts\function.php on line 25.
 1 VENDORPATH\symfony\deprecation-contracts\function.php(25): trigger_error('Since fakerphp/faker 1.20: Provider is deprecated and will no longer be available in Faker 2. Please use a custom provider instead', 16384)
 2 VENDORPATH\fakerphp\faker\src\Faker\Provider\Image.php(119): trigger_deprecation('fakerphp/faker', '1.20', 'Provider is deprecated and will no longer be available in Faker 2. Please use a custom provider instead')
 3 [internal function]: Faker\Provider\Image::image('/pruebaImg', 640, 480)
 4 VENDORPATH\fakerphp\faker\src\Faker\Generator.php(696): call_user_func_array([...], [...])
 5 VENDORPATH\fakerphp\faker\src\Faker\Generator.php(961): Faker\Generator->format('image', [...])
 6 APPPATH\Database\Seeds\pruebaSeeder.php(13): Faker\Generator->__call('image', [...])
 7 SYSTEMPATH\Database\Seeder.php(146): App\Database\Seeds\pruebaSeeder->run()
 8 SYSTEMPATH\Commands\Database\Seed.php(77): CodeIgniter\Database\Seeder->call('App\\Database\\Seeds\\pruebaSeeder')
 9 SYSTEMPATH\CLI\Commands.php(65): CodeIgniter\Commands\Database\Seed->run([])
10 SYSTEMPATH\CLI\Console.php(37): CodeIgniter\CLI\Commands->run('db:seed', [...])
11 ROOTPATH\spark(97): CodeIgniter\CLI\Console->run()
WARNING - 2023-08-18 08:05:27 --> [DEPRECATED] Since fakerphp/faker 1.20: Provider is deprecated and will no longer be available in Faker 2. Please use a custom provider instead in VENDORPATH\symfony\deprecation-contracts\function.php on line 25.
 1 VENDORPATH\symfony\deprecation-contracts\function.php(25): trigger_error('Since fakerphp/faker 1.20: Provider is deprecated and will no longer be available in Faker 2. Please use a custom provider instead', 16384)
 2 VENDORPATH\fakerphp\faker\src\Faker\Provider\Image.php(119): trigger_deprecation('fakerphp/faker', '1.20', 'Provider is deprecated and will no longer be available in Faker 2. Please use a custom provider instead')
 3 [internal function]: Faker\Provider\Image::image('/pruebaImg', 640, 480)
 4 VENDORPATH\fakerphp\faker\src\Faker\Generator.php(696): call_user_func_array([...], [...])
 5 VENDORPATH\fakerphp\faker\src\Faker\Generator.php(961): Faker\Generator->format('image', [...])
 6 APPPATH\Database\Seeds\pruebaSeeder.php(13): Faker\Generator->__call('image', [...])
 7 SYSTEMPATH\Database\Seeder.php(146): App\Database\Seeds\pruebaSeeder->run()
 8 SYSTEMPATH\Commands\Database\Seed.php(77): CodeIgniter\Database\Seeder->call('App\\Database\\Seeds\\pruebaSeeder')
 9 SYSTEMPATH\CLI\Commands.php(65): CodeIgniter\Commands\Database\Seed->run([])
10 SYSTEMPATH\CLI\Console.php(37): CodeIgniter\CLI\Commands->run('db:seed', [...])
11 ROOTPATH\spark(97): CodeIgniter\CLI\Console->run()
WARNING - 2023-08-18 08:05:53 --> [DEPRECATED] Since fakerphp/faker 1.20: Provider is deprecated and will no longer be available in Faker 2. Please use a custom provider instead in VENDORPATH\symfony\deprecation-contracts\function.php on line 25.
 1 VENDORPATH\symfony\deprecation-contracts\function.php(25): trigger_error('Since fakerphp/faker 1.20: Provider is deprecated and will no longer be available in Faker 2. Please use a custom provider instead', 16384)
 2 VENDORPATH\fakerphp\faker\src\Faker\Provider\Image.php(119): trigger_deprecation('fakerphp/faker', '1.20', 'Provider is deprecated and will no longer be available in Faker 2. Please use a custom provider instead')
 3 [internal function]: Faker\Provider\Image::image('/pruebaImg', 640, 480)
 4 VENDORPATH\fakerphp\faker\src\Faker\Generator.php(696): call_user_func_array([...], [...])
 5 VENDORPATH\fakerphp\faker\src\Faker\Generator.php(961): Faker\Generator->format('image', [...])
 6 APPPATH\Database\Seeds\pruebaSeeder.php(13): Faker\Generator->__call('image', [...])
 7 SYSTEMPATH\Database\Seeder.php(146): App\Database\Seeds\pruebaSeeder->run()
 8 SYSTEMPATH\Commands\Database\Seed.php(77): CodeIgniter\Database\Seeder->call('App\\Database\\Seeds\\pruebaSeeder')
 9 SYSTEMPATH\CLI\Commands.php(65): CodeIgniter\Commands\Database\Seed->run([])
10 SYSTEMPATH\CLI\Console.php(37): CodeIgniter\CLI\Commands->run('db:seed', [...])
11 ROOTPATH\spark(97): CodeIgniter\CLI\Console->run()
WARNING - 2023-08-18 08:07:35 --> [DEPRECATED] Since fakerphp/faker 1.20: Provider is deprecated and will no longer be available in Faker 2. Please use a custom provider instead in VENDORPATH\symfony\deprecation-contracts\function.php on line 25.
 1 VENDORPATH\symfony\deprecation-contracts\function.php(25): trigger_error('Since fakerphp/faker 1.20: Provider is deprecated and will no longer be available in Faker 2. Please use a custom provider instead', 16384)
 2 VENDORPATH\fakerphp\faker\src\Faker\Provider\Image.php(119): trigger_deprecation('fakerphp/faker', '1.20', 'Provider is deprecated and will no longer be available in Faker 2. Please use a custom provider instead')
 3 [internal function]: Faker\Provider\Image::image('C:\\wamp64\\www\\codeigniter\\writable\\pruebaImg', 640, 480)
 4 VENDORPATH\fakerphp\faker\src\Faker\Generator.php(696): call_user_func_array([...], [...])
 5 VENDORPATH\fakerphp\faker\src\Faker\Generator.php(961): Faker\Generator->format('image', [...])
 6 APPPATH\Database\Seeds\pruebaSeeder.php(13): Faker\Generator->__call('image', [...])
 7 SYSTEMPATH\Database\Seeder.php(146): App\Database\Seeds\pruebaSeeder->run()
 8 SYSTEMPATH\Commands\Database\Seed.php(77): CodeIgniter\Database\Seeder->call('App\\Database\\Seeds\\pruebaSeeder')
 9 SYSTEMPATH\CLI\Commands.php(65): CodeIgniter\Commands\Database\Seed->run([])
10 SYSTEMPATH\CLI\Console.php(37): CodeIgniter\CLI\Commands->run('db:seed', [...])
11 ROOTPATH\spark(97): CodeIgniter\CLI\Console->run()
WARNING - 2023-08-18 08:09:46 --> [DEPRECATED] Since fakerphp/faker 1.20: Provider is deprecated and will no longer be available in Faker 2. Please use a custom provider instead in VENDORPATH\symfony\deprecation-contracts\function.php on line 25.
 1 VENDORPATH\symfony\deprecation-contracts\function.php(25): trigger_error('Since fakerphp/faker 1.20: Provider is deprecated and will no longer be available in Faker 2. Please use a custom provider instead', 16384)
 2 VENDORPATH\fakerphp\faker\src\Faker\Provider\Image.php(119): trigger_deprecation('fakerphp/faker', '1.20', 'Provider is deprecated and will no longer be available in Faker 2. Please use a custom provider instead')
 3 [internal function]: Faker\Provider\Image::image('pruebaImg', 640, 480)
 4 VENDORPATH\fakerphp\faker\src\Faker\Generator.php(696): call_user_func_array([...], [...])
 5 VENDORPATH\fakerphp\faker\src\Faker\Generator.php(961): Faker\Generator->format('image', [...])
 6 APPPATH\Database\Seeds\pruebaSeeder.php(12): Faker\Generator->__call('image', [...])
 7 SYSTEMPATH\Database\Seeder.php(146): App\Database\Seeds\pruebaSeeder->run()
 8 SYSTEMPATH\Commands\Database\Seed.php(77): CodeIgniter\Database\Seeder->call('App\\Database\\Seeds\\pruebaSeeder')
 9 SYSTEMPATH\CLI\Commands.php(65): CodeIgniter\Commands\Database\Seed->run([])
10 SYSTEMPATH\CLI\Console.php(37): CodeIgniter\CLI\Commands->run('db:seed', [...])
11 ROOTPATH\spark(97): CodeIgniter\CLI\Console->run()
WARNING - 2023-08-18 08:11:43 --> [DEPRECATED] Since fakerphp/faker 1.20: Provider is deprecated and will no longer be available in Faker 2. Please use a custom provider instead in VENDORPATH\symfony\deprecation-contracts\function.php on line 25.
 1 VENDORPATH\symfony\deprecation-contracts\function.php(25): trigger_error('Since fakerphp/faker 1.20: Provider is deprecated and will no longer be available in Faker 2. Please use a custom provider instead', 16384)
 2 VENDORPATH\fakerphp\faker\src\Faker\Provider\Image.php(119): trigger_deprecation('fakerphp/faker', '1.20', 'Provider is deprecated and will no longer be available in Faker 2. Please use a custom provider instead')
 3 [internal function]: Faker\Provider\Image::image('C:/wamp64/www/codeigniter/pruebaImg', 640, 480)
 4 VENDORPATH\fakerphp\faker\src\Faker\Generator.php(696): call_user_func_array([...], [...])
 5 VENDORPATH\fakerphp\faker\src\Faker\Generator.php(961): Faker\Generator->format('image', [...])
 6 APPPATH\Database\Seeds\pruebaSeeder.php(12): Faker\Generator->__call('image', [...])
 7 SYSTEMPATH\Database\Seeder.php(146): App\Database\Seeds\pruebaSeeder->run()
 8 SYSTEMPATH\Commands\Database\Seed.php(77): CodeIgniter\Database\Seeder->call('App\\Database\\Seeds\\pruebaSeeder')
 9 SYSTEMPATH\CLI\Commands.php(65): CodeIgniter\Commands\Database\Seed->run([])
10 SYSTEMPATH\CLI\Console.php(37): CodeIgniter\CLI\Commands->run('db:seed', [...])
11 ROOTPATH\spark(97): CodeIgniter\CLI\Console->run()
WARNING - 2023-08-18 08:11:43 --> [DEPRECATED] Since fakerphp/faker 1.20: Provider is deprecated and will no longer be available in Faker 2. Please use a custom provider instead in VENDORPATH\symfony\deprecation-contracts\function.php on line 25.
 1 VENDORPATH\symfony\deprecation-contracts\function.php(25): trigger_error('Since fakerphp/faker 1.20: Provider is deprecated and will no longer be available in Faker 2. Please use a custom provider instead', 16384)
 2 VENDORPATH\fakerphp\faker\src\Faker\Provider\Image.php(55): trigger_deprecation('fakerphp/faker', '1.20', 'Provider is deprecated and will no longer be available in Faker 2. Please use a custom provider instead')
 3 VENDORPATH\fakerphp\faker\src\Faker\Provider\Image.php(137): Faker\Provider\Image::imageUrl(640, 480, null, true, null, false, 'png')
 4 [internal function]: Faker\Provider\Image::image('C:/wamp64/www/codeigniter/pruebaImg', 640, 480)
 5 VENDORPATH\fakerphp\faker\src\Faker\Generator.php(696): call_user_func_array([...], [...])
 6 VENDORPATH\fakerphp\faker\src\Faker\Generator.php(961): Faker\Generator->format('image', [...])
 7 APPPATH\Database\Seeds\pruebaSeeder.php(12): Faker\Generator->__call('image', [...])
 8 SYSTEMPATH\Database\Seeder.php(146): App\Database\Seeds\pruebaSeeder->run()
 9 SYSTEMPATH\Commands\Database\Seed.php(77): CodeIgniter\Database\Seeder->call('App\\Database\\Seeds\\pruebaSeeder')
10 SYSTEMPATH\CLI\Commands.php(65): CodeIgniter\Commands\Database\Seed->run([])
11 SYSTEMPATH\CLI\Console.php(37): CodeIgniter\CLI\Commands->run('db:seed', [...])
12 ROOTPATH\spark(97): CodeIgniter\CLI\Console->run()
WARNING - 2023-08-18 08:11:43 --> [DEPRECATED] Since fakerphp/faker 1.20: Provider is deprecated and will no longer be available in Faker 2. Please use a custom provider instead in VENDORPATH\symfony\deprecation-contracts\function.php on line 25.
 1 VENDORPATH\symfony\deprecation-contracts\function.php(25): trigger_error('Since fakerphp/faker 1.20: Provider is deprecated and will no longer be available in Faker 2. Please use a custom provider instead', 16384)
 2 VENDORPATH\fakerphp\faker\src\Faker\Provider\Image.php(172): trigger_deprecation('fakerphp/faker', '1.20', 'Provider is deprecated and will no longer be available in Faker 2. Please use a custom provider instead')
 3 VENDORPATH\fakerphp\faker\src\Faker\Provider\Image.php(62): Faker\Provider\Image::getFormats()
 4 VENDORPATH\fakerphp\faker\src\Faker\Provider\Image.php(137): Faker\Provider\Image::imageUrl(640, 480, null, true, null, false, 'png')
 5 [internal function]: Faker\Provider\Image::image('C:/wamp64/www/codeigniter/pruebaImg', 640, 480)
 6 VENDORPATH\fakerphp\faker\src\Faker\Generator.php(696): call_user_func_array([...], [...])
 7 VENDORPATH\fakerphp\faker\src\Faker\Generator.php(961): Faker\Generator->format('image', [...])
 8 APPPATH\Database\Seeds\pruebaSeeder.php(12): Faker\Generator->__call('image', [...])
 9 SYSTEMPATH\Database\Seeder.php(146): App\Database\Seeds\pruebaSeeder->run()
10 SYSTEMPATH\Commands\Database\Seed.php(77): CodeIgniter\Database\Seeder->call('App\\Database\\Seeds\\pruebaSeeder')
11 SYSTEMPATH\CLI\Commands.php(65): CodeIgniter\Commands\Database\Seed->run([])
12 SYSTEMPATH\CLI\Console.php(37): CodeIgniter\CLI\Commands->run('db:seed', [...])
13 ROOTPATH\spark(97): CodeIgniter\CLI\Console->run()
WARNING - 2023-08-18 08:11:43 --> [DEPRECATED] Since fakerphp/faker 1.20: Provider is deprecated and will no longer be available in Faker 2. Please use a custom provider instead in VENDORPATH\symfony\deprecation-contracts\function.php on line 25.
 1 VENDORPATH\symfony\deprecation-contracts\function.php(25): trigger_error('Since fakerphp/faker 1.20: Provider is deprecated and will no longer be available in Faker 2. Please use a custom provider instead', 16384)
 2 VENDORPATH\fakerphp\faker\src\Faker\Provider\Image.php(183): trigger_deprecation('fakerphp/faker', '1.20', 'Provider is deprecated and will no longer be available in Faker 2. Please use a custom provider instead')
 3 VENDORPATH\fakerphp\faker\src\Faker\Provider\Image.php(178): Faker\Provider\Image::getFormatConstants()
 4 VENDORPATH\fakerphp\faker\src\Faker\Provider\Image.php(62): Faker\Provider\Image::getFormats()
 5 VENDORPATH\fakerphp\faker\src\Faker\Provider\Image.php(137): Faker\Provider\Image::imageUrl(640, 480, null, true, null, false, 'png')
 6 [internal function]: Faker\Provider\Image::image('C:/wamp64/www/codeigniter/pruebaImg', 640, 480)
 7 VENDORPATH\fakerphp\faker\src\Faker\Generator.php(696): call_user_func_array([...], [...])
 8 VENDORPATH\fakerphp\faker\src\Faker\Generator.php(961): Faker\Generator->format('image', [...])
 9 APPPATH\Database\Seeds\pruebaSeeder.php(12): Faker\Generator->__call('image', [...])
10 SYSTEMPATH\Database\Seeder.php(146): App\Database\Seeds\pruebaSeeder->run()
11 SYSTEMPATH\Commands\Database\Seed.php(77): CodeIgniter\Database\Seeder->call('App\\Database\\Seeds\\pruebaSeeder')
12 SYSTEMPATH\CLI\Commands.php(65): CodeIgniter\Commands\Database\Seed->run([])
13 SYSTEMPATH\CLI\Console.php(37): CodeIgniter\CLI\Commands->run('db:seed', [...])
14 ROOTPATH\spark(97): CodeIgniter\CLI\Console->run()
WARNING - 2023-08-18 08:11:43 --> [DEPRECATED] Since fakerphp/faker 1.20: Provider is deprecated and will no longer be available in Faker 2. Please use a custom provider instead in VENDORPATH\symfony\deprecation-contracts\function.php on line 25.
 1 VENDORPATH\symfony\deprecation-contracts\function.php(25): trigger_error('Since fakerphp/faker 1.20: Provider is deprecated and will no longer be available in Faker 2. Please use a custom provider instead', 16384)
 2 VENDORPATH\fakerphp\faker\src\Faker\Provider\Image.php(119): trigger_deprecation('fakerphp/faker', '1.20', 'Provider is deprecated and will no longer be available in Faker 2. Please use a custom provider instead')
 3 [internal function]: Faker\Provider\Image::image('C:/wamp64/www/codeigniter/pruebaImg', 640, 480)
 4 VENDORPATH\fakerphp\faker\src\Faker\Generator.php(696): call_user_func_array([...], [...])
 5 VENDORPATH\fakerphp\faker\src\Faker\Generator.php(961): Faker\Generator->format('image', [...])
 6 APPPATH\Database\Seeds\pruebaSeeder.php(12): Faker\Generator->__call('image', [...])
 7 SYSTEMPATH\Database\Seeder.php(146): App\Database\Seeds\pruebaSeeder->run()
 8 SYSTEMPATH\Commands\Database\Seed.php(77): CodeIgniter\Database\Seeder->call('App\\Database\\Seeds\\pruebaSeeder')
 9 SYSTEMPATH\CLI\Commands.php(65): CodeIgniter\Commands\Database\Seed->run([])
10 SYSTEMPATH\CLI\Console.php(37): CodeIgniter\CLI\Commands->run('db:seed', [...])
11 ROOTPATH\spark(97): CodeIgniter\CLI\Console->run()
WARNING - 2023-08-18 08:11:43 --> [DEPRECATED] Since fakerphp/faker 1.20: Provider is deprecated and will no longer be available in Faker 2. Please use a custom provider instead in VENDORPATH\symfony\deprecation-contracts\function.php on line 25.
 1 VENDORPATH\symfony\deprecation-contracts\function.php(25): trigger_error('Since fakerphp/faker 1.20: Provider is deprecated and will no longer be available in Faker 2. Please use a custom provider instead', 16384)
 2 VENDORPATH\fakerphp\faker\src\Faker\Provider\Image.php(55): trigger_deprecation('fakerphp/faker', '1.20', 'Provider is deprecated and will no longer be available in Faker 2. Please use a custom provider instead')
 3 VENDORPATH\fakerphp\faker\src\Faker\Provider\Image.php(137): Faker\Provider\Image::imageUrl(640, 480, null, true, null, false, 'png')
 4 [internal function]: Faker\Provider\Image::image('C:/wamp64/www/codeigniter/pruebaImg', 640, 480)
 5 VENDORPATH\fakerphp\faker\src\Faker\Generator.php(696): call_user_func_array([...], [...])
 6 VENDORPATH\fakerphp\faker\src\Faker\Generator.php(961): Faker\Generator->format('image', [...])
 7 APPPATH\Database\Seeds\pruebaSeeder.php(12): Faker\Generator->__call('image', [...])
 8 SYSTEMPATH\Database\Seeder.php(146): App\Database\Seeds\pruebaSeeder->run()
 9 SYSTEMPATH\Commands\Database\Seed.php(77): CodeIgniter\Database\Seeder->call('App\\Database\\Seeds\\pruebaSeeder')
10 SYSTEMPATH\CLI\Commands.php(65): CodeIgniter\Commands\Database\Seed->run([])
11 SYSTEMPATH\CLI\Console.php(37): CodeIgniter\CLI\Commands->run('db:seed', [...])
12 ROOTPATH\spark(97): CodeIgniter\CLI\Console->run()
WARNING - 2023-08-18 08:11:43 --> [DEPRECATED] Since fakerphp/faker 1.20: Provider is deprecated and will no longer be available in Faker 2. Please use a custom provider instead in VENDORPATH\symfony\deprecation-contracts\function.php on line 25.
 1 VENDORPATH\symfony\deprecation-contracts\function.php(25): trigger_error('Since fakerphp/faker 1.20: Provider is deprecated and will no longer be available in Faker 2. Please use a custom provider instead', 16384)
 2 VENDORPATH\fakerphp\faker\src\Faker\Provider\Image.php(172): trigger_deprecation('fakerphp/faker', '1.20', 'Provider is deprecated and will no longer be available in Faker 2. Please use a custom provider instead')
 3 VENDORPATH\fakerphp\faker\src\Faker\Provider\Image.php(62): Faker\Provider\Image::getFormats()
 4 VENDORPATH\fakerphp\faker\src\Faker\Provider\Image.php(137): Faker\Provider\Image::imageUrl(640, 480, null, true, null, false, 'png')
 5 [internal function]: Faker\Provider\Image::image('C:/wamp64/www/codeigniter/pruebaImg', 640, 480)
 6 VENDORPATH\fakerphp\faker\src\Faker\Generator.php(696): call_user_func_array([...], [...])
 7 VENDORPATH\fakerphp\faker\src\Faker\Generator.php(961): Faker\Generator->format('image', [...])
 8 APPPATH\Database\Seeds\pruebaSeeder.php(12): Faker\Generator->__call('image', [...])
 9 SYSTEMPATH\Database\Seeder.php(146): App\Database\Seeds\pruebaSeeder->run()
10 SYSTEMPATH\Commands\Database\Seed.php(77): CodeIgniter\Database\Seeder->call('App\\Database\\Seeds\\pruebaSeeder')
11 SYSTEMPATH\CLI\Commands.php(65): CodeIgniter\Commands\Database\Seed->run([])
12 SYSTEMPATH\CLI\Console.php(37): CodeIgniter\CLI\Commands->run('db:seed', [...])
13 ROOTPATH\spark(97): CodeIgniter\CLI\Console->run()
WARNING - 2023-08-18 08:11:43 --> [DEPRECATED] Since fakerphp/faker 1.20: Provider is deprecated and will no longer be available in Faker 2. Please use a custom provider instead in VENDORPATH\symfony\deprecation-contracts\function.php on line 25.
 1 VENDORPATH\symfony\deprecation-contracts\function.php(25): trigger_error('Since fakerphp/faker 1.20: Provider is deprecated and will no longer be available in Faker 2. Please use a custom provider instead', 16384)
 2 VENDORPATH\fakerphp\faker\src\Faker\Provider\Image.php(183): trigger_deprecation('fakerphp/faker', '1.20', 'Provider is deprecated and will no longer be available in Faker 2. Please use a custom provider instead')
 3 VENDORPATH\fakerphp\faker\src\Faker\Provider\Image.php(178): Faker\Provider\Image::getFormatConstants()
 4 VENDORPATH\fakerphp\faker\src\Faker\Provider\Image.php(62): Faker\Provider\Image::getFormats()
 5 VENDORPATH\fakerphp\faker\src\Faker\Provider\Image.php(137): Faker\Provider\Image::imageUrl(640, 480, null, true, null, false, 'png')
 6 [internal function]: Faker\Provider\Image::image('C:/wamp64/www/codeigniter/pruebaImg', 640, 480)
 7 VENDORPATH\fakerphp\faker\src\Faker\Generator.php(696): call_user_func_array([...], [...])
 8 VENDORPATH\fakerphp\faker\src\Faker\Generator.php(961): Faker\Generator->format('image', [...])
 9 APPPATH\Database\Seeds\pruebaSeeder.php(12): Faker\Generator->__call('image', [...])
10 SYSTEMPATH\Database\Seeder.php(146): App\Database\Seeds\pruebaSeeder->run()
11 SYSTEMPATH\Commands\Database\Seed.php(77): CodeIgniter\Database\Seeder->call('App\\Database\\Seeds\\pruebaSeeder')
12 SYSTEMPATH\CLI\Commands.php(65): CodeIgniter\Commands\Database\Seed->run([])
13 SYSTEMPATH\CLI\Console.php(37): CodeIgniter\CLI\Commands->run('db:seed', [...])
14 ROOTPATH\spark(97): CodeIgniter\CLI\Console->run()
WARNING - 2023-08-18 08:11:43 --> [DEPRECATED] Since fakerphp/faker 1.20: Provider is deprecated and will no longer be available in Faker 2. Please use a custom provider instead in VENDORPATH\symfony\deprecation-contracts\function.php on line 25.
 1 VENDORPATH\symfony\deprecation-contracts\function.php(25): trigger_error('Since fakerphp/faker 1.20: Provider is deprecated and will no longer be available in Faker 2. Please use a custom provider instead', 16384)
 2 VENDORPATH\fakerphp\faker\src\Faker\Provider\Image.php(119): trigger_deprecation('fakerphp/faker', '1.20', 'Provider is deprecated and will no longer be available in Faker 2. Please use a custom provider instead')
 3 [internal function]: Faker\Provider\Image::image('C:/wamp64/www/codeigniter/pruebaImg', 640, 480)
 4 VENDORPATH\fakerphp\faker\src\Faker\Generator.php(696): call_user_func_array([...], [...])
 5 VENDORPATH\fakerphp\faker\src\Faker\Generator.php(961): Faker\Generator->format('image', [...])
 6 APPPATH\Database\Seeds\pruebaSeeder.php(12): Faker\Generator->__call('image', [...])
 7 SYSTEMPATH\Database\Seeder.php(146): App\Database\Seeds\pruebaSeeder->run()
 8 SYSTEMPATH\Commands\Database\Seed.php(77): CodeIgniter\Database\Seeder->call('App\\Database\\Seeds\\pruebaSeeder')
 9 SYSTEMPATH\CLI\Commands.php(65): CodeIgniter\Commands\Database\Seed->run([])
10 SYSTEMPATH\CLI\Console.php(37): CodeIgniter\CLI\Commands->run('db:seed', [...])
11 ROOTPATH\spark(97): CodeIgniter\CLI\Console->run()
WARNING - 2023-08-18 08:11:43 --> [DEPRECATED] Since fakerphp/faker 1.20: Provider is deprecated and will no longer be available in Faker 2. Please use a custom provider instead in VENDORPATH\symfony\deprecation-contracts\function.php on line 25.
 1 VENDORPATH\symfony\deprecation-contracts\function.php(25): trigger_error('Since fakerphp/faker 1.20: Provider is deprecated and will no longer be available in Faker 2. Please use a custom provider instead', 16384)
 2 VENDORPATH\fakerphp\faker\src\Faker\Provider\Image.php(55): trigger_deprecation('fakerphp/faker', '1.20', 'Provider is deprecated and will no longer be available in Faker 2. Please use a custom provider instead')
 3 VENDORPATH\fakerphp\faker\src\Faker\Provider\Image.php(137): Faker\Provider\Image::imageUrl(640, 480, null, true, null, false, 'png')
 4 [internal function]: Faker\Provider\Image::image('C:/wamp64/www/codeigniter/pruebaImg', 640, 480)
 5 VENDORPATH\fakerphp\faker\src\Faker\Generator.php(696): call_user_func_array([...], [...])
 6 VENDORPATH\fakerphp\faker\src\Faker\Generator.php(961): Faker\Generator->format('image', [...])
 7 APPPATH\Database\Seeds\pruebaSeeder.php(12): Faker\Generator->__call('image', [...])
 8 SYSTEMPATH\Database\Seeder.php(146): App\Database\Seeds\pruebaSeeder->run()
 9 SYSTEMPATH\Commands\Database\Seed.php(77): CodeIgniter\Database\Seeder->call('App\\Database\\Seeds\\pruebaSeeder')
10 SYSTEMPATH\CLI\Commands.php(65): CodeIgniter\Commands\Database\Seed->run([])
11 SYSTEMPATH\CLI\Console.php(37): CodeIgniter\CLI\Commands->run('db:seed', [...])
12 ROOTPATH\spark(97): CodeIgniter\CLI\Console->run()
WARNING - 2023-08-18 08:11:43 --> [DEPRECATED] Since fakerphp/faker 1.20: Provider is deprecated and will no longer be available in Faker 2. Please use a custom provider instead in VENDORPATH\symfony\deprecation-contracts\function.php on line 25.
 1 VENDORPATH\symfony\deprecation-contracts\function.php(25): trigger_error('Since fakerphp/faker 1.20: Provider is deprecated and will no longer be available in Faker 2. Please use a custom provider instead', 16384)
 2 VENDORPATH\fakerphp\faker\src\Faker\Provider\Image.php(172): trigger_deprecation('fakerphp/faker', '1.20', 'Provider is deprecated and will no longer be available in Faker 2. Please use a custom provider instead')
 3 VENDORPATH\fakerphp\faker\src\Faker\Provider\Image.php(62): Faker\Provider\Image::getFormats()
 4 VENDORPATH\fakerphp\faker\src\Faker\Provider\Image.php(137): Faker\Provider\Image::imageUrl(640, 480, null, true, null, false, 'png')
 5 [internal function]: Faker\Provider\Image::image('C:/wamp64/www/codeigniter/pruebaImg', 640, 480)
 6 VENDORPATH\fakerphp\faker\src\Faker\Generator.php(696): call_user_func_array([...], [...])
 7 VENDORPATH\fakerphp\faker\src\Faker\Generator.php(961): Faker\Generator->format('image', [...])
 8 APPPATH\Database\Seeds\pruebaSeeder.php(12): Faker\Generator->__call('image', [...])
 9 SYSTEMPATH\Database\Seeder.php(146): App\Database\Seeds\pruebaSeeder->run()
10 SYSTEMPATH\Commands\Database\Seed.php(77): CodeIgniter\Database\Seeder->call('App\\Database\\Seeds\\pruebaSeeder')
11 SYSTEMPATH\CLI\Commands.php(65): CodeIgniter\Commands\Database\Seed->run([])
12 SYSTEMPATH\CLI\Console.php(37): CodeIgniter\CLI\Commands->run('db:seed', [...])
13 ROOTPATH\spark(97): CodeIgniter\CLI\Console->run()
WARNING - 2023-08-18 08:11:43 --> [DEPRECATED] Since fakerphp/faker 1.20: Provider is deprecated and will no longer be available in Faker 2. Please use a custom provider instead in VENDORPATH\symfony\deprecation-contracts\function.php on line 25.
 1 VENDORPATH\symfony\deprecation-contracts\function.php(25): trigger_error('Since fakerphp/faker 1.20: Provider is deprecated and will no longer be available in Faker 2. Please use a custom provider instead', 16384)
 2 VENDORPATH\fakerphp\faker\src\Faker\Provider\Image.php(183): trigger_deprecation('fakerphp/faker', '1.20', 'Provider is deprecated and will no longer be available in Faker 2. Please use a custom provider instead')
 3 VENDORPATH\fakerphp\faker\src\Faker\Provider\Image.php(178): Faker\Provider\Image::getFormatConstants()
 4 VENDORPATH\fakerphp\faker\src\Faker\Provider\Image.php(62): Faker\Provider\Image::getFormats()
 5 VENDORPATH\fakerphp\faker\src\Faker\Provider\Image.php(137): Faker\Provider\Image::imageUrl(640, 480, null, true, null, false, 'png')
 6 [internal function]: Faker\Provider\Image::image('C:/wamp64/www/codeigniter/pruebaImg', 640, 480)
 7 VENDORPATH\fakerphp\faker\src\Faker\Generator.php(696): call_user_func_array([...], [...])
 8 VENDORPATH\fakerphp\faker\src\Faker\Generator.php(961): Faker\Generator->format('image', [...])
 9 APPPATH\Database\Seeds\pruebaSeeder.php(12): Faker\Generator->__call('image', [...])
10 SYSTEMPATH\Database\Seeder.php(146): App\Database\Seeds\pruebaSeeder->run()
11 SYSTEMPATH\Commands\Database\Seed.php(77): CodeIgniter\Database\Seeder->call('App\\Database\\Seeds\\pruebaSeeder')
12 SYSTEMPATH\CLI\Commands.php(65): CodeIgniter\Commands\Database\Seed->run([])
13 SYSTEMPATH\CLI\Console.php(37): CodeIgniter\CLI\Commands->run('db:seed', [...])
14 ROOTPATH\spark(97): CodeIgniter\CLI\Console->run()
WARNING - 2023-08-18 08:11:43 --> [DEPRECATED] Since fakerphp/faker 1.20: Provider is deprecated and will no longer be available in Faker 2. Please use a custom provider instead in VENDORPATH\symfony\deprecation-contracts\function.php on line 25.
 1 VENDORPATH\symfony\deprecation-contracts\function.php(25): trigger_error('Since fakerphp/faker 1.20: Provider is deprecated and will no longer be available in Faker 2. Please use a custom provider instead', 16384)
 2 VENDORPATH\fakerphp\faker\src\Faker\Provider\Image.php(119): trigger_deprecation('fakerphp/faker', '1.20', 'Provider is deprecated and will no longer be available in Faker 2. Please use a custom provider instead')
 3 [internal function]: Faker\Provider\Image::image('C:/wamp64/www/codeigniter/pruebaImg', 640, 480)
 4 VENDORPATH\fakerphp\faker\src\Faker\Generator.php(696): call_user_func_array([...], [...])
 5 VENDORPATH\fakerphp\faker\src\Faker\Generator.php(961): Faker\Generator->format('image', [...])
 6 APPPATH\Database\Seeds\pruebaSeeder.php(12): Faker\Generator->__call('image', [...])
 7 SYSTEMPATH\Database\Seeder.php(146): App\Database\Seeds\pruebaSeeder->run()
 8 SYSTEMPATH\Commands\Database\Seed.php(77): CodeIgniter\Database\Seeder->call('App\\Database\\Seeds\\pruebaSeeder')
 9 SYSTEMPATH\CLI\Commands.php(65): CodeIgniter\Commands\Database\Seed->run([])
10 SYSTEMPATH\CLI\Console.php(37): CodeIgniter\CLI\Commands->run('db:seed', [...])
11 ROOTPATH\spark(97): CodeIgniter\CLI\Console->run()
WARNING - 2023-08-18 08:11:43 --> [DEPRECATED] Since fakerphp/faker 1.20: Provider is deprecated and will no longer be available in Faker 2. Please use a custom provider instead in VENDORPATH\symfony\deprecation-contracts\function.php on line 25.
 1 VENDORPATH\symfony\deprecation-contracts\function.php(25): trigger_error('Since fakerphp/faker 1.20: Provider is deprecated and will no longer be available in Faker 2. Please use a custom provider instead', 16384)
 2 VENDORPATH\fakerphp\faker\src\Faker\Provider\Image.php(55): trigger_deprecation('fakerphp/faker', '1.20', 'Provider is deprecated and will no longer be available in Faker 2. Please use a custom provider instead')
 3 VENDORPATH\fakerphp\faker\src\Faker\Provider\Image.php(137): Faker\Provider\Image::imageUrl(640, 480, null, true, null, false, 'png')
 4 [internal function]: Faker\Provider\Image::image('C:/wamp64/www/codeigniter/pruebaImg', 640, 480)
 5 VENDORPATH\fakerphp\faker\src\Faker\Generator.php(696): call_user_func_array([...], [...])
 6 VENDORPATH\fakerphp\faker\src\Faker\Generator.php(961): Faker\Generator->format('image', [...])
 7 APPPATH\Database\Seeds\pruebaSeeder.php(12): Faker\Generator->__call('image', [...])
 8 SYSTEMPATH\Database\Seeder.php(146): App\Database\Seeds\pruebaSeeder->run()
 9 SYSTEMPATH\Commands\Database\Seed.php(77): CodeIgniter\Database\Seeder->call('App\\Database\\Seeds\\pruebaSeeder')
10 SYSTEMPATH\CLI\Commands.php(65): CodeIgniter\Commands\Database\Seed->run([])
11 SYSTEMPATH\CLI\Console.php(37): CodeIgniter\CLI\Commands->run('db:seed', [...])
12 ROOTPATH\spark(97): CodeIgniter\CLI\Console->run()
WARNING - 2023-08-18 08:11:43 --> [DEPRECATED] Since fakerphp/faker 1.20: Provider is deprecated and will no longer be available in Faker 2. Please use a custom provider instead in VENDORPATH\symfony\deprecation-contracts\function.php on line 25.
 1 VENDORPATH\symfony\deprecation-contracts\function.php(25): trigger_error('Since fakerphp/faker 1.20: Provider is deprecated and will no longer be available in Faker 2. Please use a custom provider instead', 16384)
 2 VENDORPATH\fakerphp\faker\src\Faker\Provider\Image.php(172): trigger_deprecation('fakerphp/faker', '1.20', 'Provider is deprecated and will no longer be available in Faker 2. Please use a custom provider instead')
 3 VENDORPATH\fakerphp\faker\src\Faker\Provider\Image.php(62): Faker\Provider\Image::getFormats()
 4 VENDORPATH\fakerphp\faker\src\Faker\Provider\Image.php(137): Faker\Provider\Image::imageUrl(640, 480, null, true, null, false, 'png')
 5 [internal function]: Faker\Provider\Image::image('C:/wamp64/www/codeigniter/pruebaImg', 640, 480)
 6 VENDORPATH\fakerphp\faker\src\Faker\Generator.php(696): call_user_func_array([...], [...])
 7 VENDORPATH\fakerphp\faker\src\Faker\Generator.php(961): Faker\Generator->format('image', [...])
 8 APPPATH\Database\Seeds\pruebaSeeder.php(12): Faker\Generator->__call('image', [...])
 9 SYSTEMPATH\Database\Seeder.php(146): App\Database\Seeds\pruebaSeeder->run()
10 SYSTEMPATH\Commands\Database\Seed.php(77): CodeIgniter\Database\Seeder->call('App\\Database\\Seeds\\pruebaSeeder')
11 SYSTEMPATH\CLI\Commands.php(65): CodeIgniter\Commands\Database\Seed->run([])
12 SYSTEMPATH\CLI\Console.php(37): CodeIgniter\CLI\Commands->run('db:seed', [...])
13 ROOTPATH\spark(97): CodeIgniter\CLI\Console->run()
WARNING - 2023-08-18 08:11:43 --> [DEPRECATED] Since fakerphp/faker 1.20: Provider is deprecated and will no longer be available in Faker 2. Please use a custom provider instead in VENDORPATH\symfony\deprecation-contracts\function.php on line 25.
 1 VENDORPATH\symfony\deprecation-contracts\function.php(25): trigger_error('Since fakerphp/faker 1.20: Provider is deprecated and will no longer be available in Faker 2. Please use a custom provider instead', 16384)
 2 VENDORPATH\fakerphp\faker\src\Faker\Provider\Image.php(183): trigger_deprecation('fakerphp/faker', '1.20', 'Provider is deprecated and will no longer be available in Faker 2. Please use a custom provider instead')
 3 VENDORPATH\fakerphp\faker\src\Faker\Provider\Image.php(178): Faker\Provider\Image::getFormatConstants()
 4 VENDORPATH\fakerphp\faker\src\Faker\Provider\Image.php(62): Faker\Provider\Image::getFormats()
 5 VENDORPATH\fakerphp\faker\src\Faker\Provider\Image.php(137): Faker\Provider\Image::imageUrl(640, 480, null, true, null, false, 'png')
 6 [internal function]: Faker\Provider\Image::image('C:/wamp64/www/codeigniter/pruebaImg', 640, 480)
 7 VENDORPATH\fakerphp\faker\src\Faker\Generator.php(696): call_user_func_array([...], [...])
 8 VENDORPATH\fakerphp\faker\src\Faker\Generator.php(961): Faker\Generator->format('image', [...])
 9 APPPATH\Database\Seeds\pruebaSeeder.php(12): Faker\Generator->__call('image', [...])
10 SYSTEMPATH\Database\Seeder.php(146): App\Database\Seeds\pruebaSeeder->run()
11 SYSTEMPATH\Commands\Database\Seed.php(77): CodeIgniter\Database\Seeder->call('App\\Database\\Seeds\\pruebaSeeder')
12 SYSTEMPATH\CLI\Commands.php(65): CodeIgniter\Commands\Database\Seed->run([])
13 SYSTEMPATH\CLI\Console.php(37): CodeIgniter\CLI\Commands->run('db:seed', [...])
14 ROOTPATH\spark(97): CodeIgniter\CLI\Console->run()
WARNING - 2023-08-18 08:11:43 --> [DEPRECATED] Since fakerphp/faker 1.20: Provider is deprecated and will no longer be available in Faker 2. Please use a custom provider instead in VENDORPATH\symfony\deprecation-contracts\function.php on line 25.
 1 VENDORPATH\symfony\deprecation-contracts\function.php(25): trigger_error('Since fakerphp/faker 1.20: Provider is deprecated and will no longer be available in Faker 2. Please use a custom provider instead', 16384)
 2 VENDORPATH\fakerphp\faker\src\Faker\Provider\Image.php(119): trigger_deprecation('fakerphp/faker', '1.20', 'Provider is deprecated and will no longer be available in Faker 2. Please use a custom provider instead')
 3 [internal function]: Faker\Provider\Image::image('C:/wamp64/www/codeigniter/pruebaImg', 640, 480)
 4 VENDORPATH\fakerphp\faker\src\Faker\Generator.php(696): call_user_func_array([...], [...])
 5 VENDORPATH\fakerphp\faker\src\Faker\Generator.php(961): Faker\Generator->format('image', [...])
 6 APPPATH\Database\Seeds\pruebaSeeder.php(12): Faker\Generator->__call('image', [...])
 7 SYSTEMPATH\Database\Seeder.php(146): App\Database\Seeds\pruebaSeeder->run()
 8 SYSTEMPATH\Commands\Database\Seed.php(77): CodeIgniter\Database\Seeder->call('App\\Database\\Seeds\\pruebaSeeder')
 9 SYSTEMPATH\CLI\Commands.php(65): CodeIgniter\Commands\Database\Seed->run([])
10 SYSTEMPATH\CLI\Console.php(37): CodeIgniter\CLI\Commands->run('db:seed', [...])
11 ROOTPATH\spark(97): CodeIgniter\CLI\Console->run()
WARNING - 2023-08-18 08:11:43 --> [DEPRECATED] Since fakerphp/faker 1.20: Provider is deprecated and will no longer be available in Faker 2. Please use a custom provider instead in VENDORPATH\symfony\deprecation-contracts\function.php on line 25.
 1 VENDORPATH\symfony\deprecation-contracts\function.php(25): trigger_error('Since fakerphp/faker 1.20: Provider is deprecated and will no longer be available in Faker 2. Please use a custom provider instead', 16384)
 2 VENDORPATH\fakerphp\faker\src\Faker\Provider\Image.php(55): trigger_deprecation('fakerphp/faker', '1.20', 'Provider is deprecated and will no longer be available in Faker 2. Please use a custom provider instead')
 3 VENDORPATH\fakerphp\faker\src\Faker\Provider\Image.php(137): Faker\Provider\Image::imageUrl(640, 480, null, true, null, false, 'png')
 4 [internal function]: Faker\Provider\Image::image('C:/wamp64/www/codeigniter/pruebaImg', 640, 480)
 5 VENDORPATH\fakerphp\faker\src\Faker\Generator.php(696): call_user_func_array([...], [...])
 6 VENDORPATH\fakerphp\faker\src\Faker\Generator.php(961): Faker\Generator->format('image', [...])
 7 APPPATH\Database\Seeds\pruebaSeeder.php(12): Faker\Generator->__call('image', [...])
 8 SYSTEMPATH\Database\Seeder.php(146): App\Database\Seeds\pruebaSeeder->run()
 9 SYSTEMPATH\Commands\Database\Seed.php(77): CodeIgniter\Database\Seeder->call('App\\Database\\Seeds\\pruebaSeeder')
10 SYSTEMPATH\CLI\Commands.php(65): CodeIgniter\Commands\Database\Seed->run([])
11 SYSTEMPATH\CLI\Console.php(37): CodeIgniter\CLI\Commands->run('db:seed', [...])
12 ROOTPATH\spark(97): CodeIgniter\CLI\Console->run()
WARNING - 2023-08-18 08:11:44 --> [DEPRECATED] Since fakerphp/faker 1.20: Provider is deprecated and will no longer be available in Faker 2. Please use a custom provider instead in VENDORPATH\symfony\deprecation-contracts\function.php on line 25.
 1 VENDORPATH\symfony\deprecation-contracts\function.php(25): trigger_error('Since fakerphp/faker 1.20: Provider is deprecated and will no longer be available in Faker 2. Please use a custom provider instead', 16384)
 2 VENDORPATH\fakerphp\faker\src\Faker\Provider\Image.php(172): trigger_deprecation('fakerphp/faker', '1.20', 'Provider is deprecated and will no longer be available in Faker 2. Please use a custom provider instead')
 3 VENDORPATH\fakerphp\faker\src\Faker\Provider\Image.php(62): Faker\Provider\Image::getFormats()
 4 VENDORPATH\fakerphp\faker\src\Faker\Provider\Image.php(137): Faker\Provider\Image::imageUrl(640, 480, null, true, null, false, 'png')
 5 [internal function]: Faker\Provider\Image::image('C:/wamp64/www/codeigniter/pruebaImg', 640, 480)
 6 VENDORPATH\fakerphp\faker\src\Faker\Generator.php(696): call_user_func_array([...], [...])
 7 VENDORPATH\fakerphp\faker\src\Faker\Generator.php(961): Faker\Generator->format('image', [...])
 8 APPPATH\Database\Seeds\pruebaSeeder.php(12): Faker\Generator->__call('image', [...])
 9 SYSTEMPATH\Database\Seeder.php(146): App\Database\Seeds\pruebaSeeder->run()
10 SYSTEMPATH\Commands\Database\Seed.php(77): CodeIgniter\Database\Seeder->call('App\\Database\\Seeds\\pruebaSeeder')
11 SYSTEMPATH\CLI\Commands.php(65): CodeIgniter\Commands\Database\Seed->run([])
12 SYSTEMPATH\CLI\Console.php(37): CodeIgniter\CLI\Commands->run('db:seed', [...])
13 ROOTPATH\spark(97): CodeIgniter\CLI\Console->run()
WARNING - 2023-08-18 08:11:44 --> [DEPRECATED] Since fakerphp/faker 1.20: Provider is deprecated and will no longer be available in Faker 2. Please use a custom provider instead in VENDORPATH\symfony\deprecation-contracts\function.php on line 25.
 1 VENDORPATH\symfony\deprecation-contracts\function.php(25): trigger_error('Since fakerphp/faker 1.20: Provider is deprecated and will no longer be available in Faker 2. Please use a custom provider instead', 16384)
 2 VENDORPATH\fakerphp\faker\src\Faker\Provider\Image.php(183): trigger_deprecation('fakerphp/faker', '1.20', 'Provider is deprecated and will no longer be available in Faker 2. Please use a custom provider instead')
 3 VENDORPATH\fakerphp\faker\src\Faker\Provider\Image.php(178): Faker\Provider\Image::getFormatConstants()
 4 VENDORPATH\fakerphp\faker\src\Faker\Provider\Image.php(62): Faker\Provider\Image::getFormats()
 5 VENDORPATH\fakerphp\faker\src\Faker\Provider\Image.php(137): Faker\Provider\Image::imageUrl(640, 480, null, true, null, false, 'png')
 6 [internal function]: Faker\Provider\Image::image('C:/wamp64/www/codeigniter/pruebaImg', 640, 480)
 7 VENDORPATH\fakerphp\faker\src\Faker\Generator.php(696): call_user_func_array([...], [...])
 8 VENDORPATH\fakerphp\faker\src\Faker\Generator.php(961): Faker\Generator->format('image', [...])
 9 APPPATH\Database\Seeds\pruebaSeeder.php(12): Faker\Generator->__call('image', [...])
10 SYSTEMPATH\Database\Seeder.php(146): App\Database\Seeds\pruebaSeeder->run()
11 SYSTEMPATH\Commands\Database\Seed.php(77): CodeIgniter\Database\Seeder->call('App\\Database\\Seeds\\pruebaSeeder')
12 SYSTEMPATH\CLI\Commands.php(65): CodeIgniter\Commands\Database\Seed->run([])
13 SYSTEMPATH\CLI\Console.php(37): CodeIgniter\CLI\Commands->run('db:seed', [...])
14 ROOTPATH\spark(97): CodeIgniter\CLI\Console->run()
WARNING - 2023-08-18 08:11:44 --> [DEPRECATED] Since fakerphp/faker 1.20: Provider is deprecated and will no longer be available in Faker 2. Please use a custom provider instead in VENDORPATH\symfony\deprecation-contracts\function.php on line 25.
 1 VENDORPATH\symfony\deprecation-contracts\function.php(25): trigger_error('Since fakerphp/faker 1.20: Provider is deprecated and will no longer be available in Faker 2. Please use a custom provider instead', 16384)
 2 VENDORPATH\fakerphp\faker\src\Faker\Provider\Image.php(119): trigger_deprecation('fakerphp/faker', '1.20', 'Provider is deprecated and will no longer be available in Faker 2. Please use a custom provider instead')
 3 [internal function]: Faker\Provider\Image::image('C:/wamp64/www/codeigniter/pruebaImg', 640, 480)
 4 VENDORPATH\fakerphp\faker\src\Faker\Generator.php(696): call_user_func_array([...], [...])
 5 VENDORPATH\fakerphp\faker\src\Faker\Generator.php(961): Faker\Generator->format('image', [...])
 6 APPPATH\Database\Seeds\pruebaSeeder.php(12): Faker\Generator->__call('image', [...])
 7 SYSTEMPATH\Database\Seeder.php(146): App\Database\Seeds\pruebaSeeder->run()
 8 SYSTEMPATH\Commands\Database\Seed.php(77): CodeIgniter\Database\Seeder->call('App\\Database\\Seeds\\pruebaSeeder')
 9 SYSTEMPATH\CLI\Commands.php(65): CodeIgniter\Commands\Database\Seed->run([])
10 SYSTEMPATH\CLI\Console.php(37): CodeIgniter\CLI\Commands->run('db:seed', [...])
11 ROOTPATH\spark(97): CodeIgniter\CLI\Console->run()
WARNING - 2023-08-18 08:11:44 --> [DEPRECATED] Since fakerphp/faker 1.20: Provider is deprecated and will no longer be available in Faker 2. Please use a custom provider instead in VENDORPATH\symfony\deprecation-contracts\function.php on line 25.
 1 VENDORPATH\symfony\deprecation-contracts\function.php(25): trigger_error('Since fakerphp/faker 1.20: Provider is deprecated and will no longer be available in Faker 2. Please use a custom provider instead', 16384)
 2 VENDORPATH\fakerphp\faker\src\Faker\Provider\Image.php(55): trigger_deprecation('fakerphp/faker', '1.20', 'Provider is deprecated and will no longer be available in Faker 2. Please use a custom provider instead')
 3 VENDORPATH\fakerphp\faker\src\Faker\Provider\Image.php(137): Faker\Provider\Image::imageUrl(640, 480, null, true, null, false, 'png')
 4 [internal function]: Faker\Provider\Image::image('C:/wamp64/www/codeigniter/pruebaImg', 640, 480)
 5 VENDORPATH\fakerphp\faker\src\Faker\Generator.php(696): call_user_func_array([...], [...])
 6 VENDORPATH\fakerphp\faker\src\Faker\Generator.php(961): Faker\Generator->format('image', [...])
 7 APPPATH\Database\Seeds\pruebaSeeder.php(12): Faker\Generator->__call('image', [...])
 8 SYSTEMPATH\Database\Seeder.php(146): App\Database\Seeds\pruebaSeeder->run()
 9 SYSTEMPATH\Commands\Database\Seed.php(77): CodeIgniter\Database\Seeder->call('App\\Database\\Seeds\\pruebaSeeder')
10 SYSTEMPATH\CLI\Commands.php(65): CodeIgniter\Commands\Database\Seed->run([])
11 SYSTEMPATH\CLI\Console.php(37): CodeIgniter\CLI\Commands->run('db:seed', [...])
12 ROOTPATH\spark(97): CodeIgniter\CLI\Console->run()
WARNING - 2023-08-18 08:11:44 --> [DEPRECATED] Since fakerphp/faker 1.20: Provider is deprecated and will no longer be available in Faker 2. Please use a custom provider instead in VENDORPATH\symfony\deprecation-contracts\function.php on line 25.
 1 VENDORPATH\symfony\deprecation-contracts\function.php(25): trigger_error('Since fakerphp/faker 1.20: Provider is deprecated and will no longer be available in Faker 2. Please use a custom provider instead', 16384)
 2 VENDORPATH\fakerphp\faker\src\Faker\Provider\Image.php(172): trigger_deprecation('fakerphp/faker', '1.20', 'Provider is deprecated and will no longer be available in Faker 2. Please use a custom provider instead')
 3 VENDORPATH\fakerphp\faker\src\Faker\Provider\Image.php(62): Faker\Provider\Image::getFormats()
 4 VENDORPATH\fakerphp\faker\src\Faker\Provider\Image.php(137): Faker\Provider\Image::imageUrl(640, 480, null, true, null, false, 'png')
 5 [internal function]: Faker\Provider\Image::image('C:/wamp64/www/codeigniter/pruebaImg', 640, 480)
 6 VENDORPATH\fakerphp\faker\src\Faker\Generator.php(696): call_user_func_array([...], [...])
 7 VENDORPATH\fakerphp\faker\src\Faker\Generator.php(961): Faker\Generator->format('image', [...])
 8 APPPATH\Database\Seeds\pruebaSeeder.php(12): Faker\Generator->__call('image', [...])
 9 SYSTEMPATH\Database\Seeder.php(146): App\Database\Seeds\pruebaSeeder->run()
10 SYSTEMPATH\Commands\Database\Seed.php(77): CodeIgniter\Database\Seeder->call('App\\Database\\Seeds\\pruebaSeeder')
11 SYSTEMPATH\CLI\Commands.php(65): CodeIgniter\Commands\Database\Seed->run([])
12 SYSTEMPATH\CLI\Console.php(37): CodeIgniter\CLI\Commands->run('db:seed', [...])
13 ROOTPATH\spark(97): CodeIgniter\CLI\Console->run()
WARNING - 2023-08-18 08:11:44 --> [DEPRECATED] Since fakerphp/faker 1.20: Provider is deprecated and will no longer be available in Faker 2. Please use a custom provider instead in VENDORPATH\symfony\deprecation-contracts\function.php on line 25.
 1 VENDORPATH\symfony\deprecation-contracts\function.php(25): trigger_error('Since fakerphp/faker 1.20: Provider is deprecated and will no longer be available in Faker 2. Please use a custom provider instead', 16384)
 2 VENDORPATH\fakerphp\faker\src\Faker\Provider\Image.php(183): trigger_deprecation('fakerphp/faker', '1.20', 'Provider is deprecated and will no longer be available in Faker 2. Please use a custom provider instead')
 3 VENDORPATH\fakerphp\faker\src\Faker\Provider\Image.php(178): Faker\Provider\Image::getFormatConstants()
 4 VENDORPATH\fakerphp\faker\src\Faker\Provider\Image.php(62): Faker\Provider\Image::getFormats()
 5 VENDORPATH\fakerphp\faker\src\Faker\Provider\Image.php(137): Faker\Provider\Image::imageUrl(640, 480, null, true, null, false, 'png')
 6 [internal function]: Faker\Provider\Image::image('C:/wamp64/www/codeigniter/pruebaImg', 640, 480)
 7 VENDORPATH\fakerphp\faker\src\Faker\Generator.php(696): call_user_func_array([...], [...])
 8 VENDORPATH\fakerphp\faker\src\Faker\Generator.php(961): Faker\Generator->format('image', [...])
 9 APPPATH\Database\Seeds\pruebaSeeder.php(12): Faker\Generator->__call('image', [...])
10 SYSTEMPATH\Database\Seeder.php(146): App\Database\Seeds\pruebaSeeder->run()
11 SYSTEMPATH\Commands\Database\Seed.php(77): CodeIgniter\Database\Seeder->call('App\\Database\\Seeds\\pruebaSeeder')
12 SYSTEMPATH\CLI\Commands.php(65): CodeIgniter\Commands\Database\Seed->run([])
13 SYSTEMPATH\CLI\Console.php(37): CodeIgniter\CLI\Commands->run('db:seed', [...])
14 ROOTPATH\spark(97): CodeIgniter\CLI\Console->run()
WARNING - 2023-08-18 08:11:44 --> [DEPRECATED] Since fakerphp/faker 1.20: Provider is deprecated and will no longer be available in Faker 2. Please use a custom provider instead in VENDORPATH\symfony\deprecation-contracts\function.php on line 25.
 1 VENDORPATH\symfony\deprecation-contracts\function.php(25): trigger_error('Since fakerphp/faker 1.20: Provider is deprecated and will no longer be available in Faker 2. Please use a custom provider instead', 16384)
 2 VENDORPATH\fakerphp\faker\src\Faker\Provider\Image.php(119): trigger_deprecation('fakerphp/faker', '1.20', 'Provider is deprecated and will no longer be available in Faker 2. Please use a custom provider instead')
 3 [internal function]: Faker\Provider\Image::image('C:/wamp64/www/codeigniter/pruebaImg', 640, 480)
 4 VENDORPATH\fakerphp\faker\src\Faker\Generator.php(696): call_user_func_array([...], [...])
 5 VENDORPATH\fakerphp\faker\src\Faker\Generator.php(961): Faker\Generator->format('image', [...])
 6 APPPATH\Database\Seeds\pruebaSeeder.php(12): Faker\Generator->__call('image', [...])
 7 SYSTEMPATH\Database\Seeder.php(146): App\Database\Seeds\pruebaSeeder->run()
 8 SYSTEMPATH\Commands\Database\Seed.php(77): CodeIgniter\Database\Seeder->call('App\\Database\\Seeds\\pruebaSeeder')
 9 SYSTEMPATH\CLI\Commands.php(65): CodeIgniter\Commands\Database\Seed->run([])
10 SYSTEMPATH\CLI\Console.php(37): CodeIgniter\CLI\Commands->run('db:seed', [...])
11 ROOTPATH\spark(97): CodeIgniter\CLI\Console->run()
WARNING - 2023-08-18 08:11:44 --> [DEPRECATED] Since fakerphp/faker 1.20: Provider is deprecated and will no longer be available in Faker 2. Please use a custom provider instead in VENDORPATH\symfony\deprecation-contracts\function.php on line 25.
 1 VENDORPATH\symfony\deprecation-contracts\function.php(25): trigger_error('Since fakerphp/faker 1.20: Provider is deprecated and will no longer be available in Faker 2. Please use a custom provider instead', 16384)
 2 VENDORPATH\fakerphp\faker\src\Faker\Provider\Image.php(55): trigger_deprecation('fakerphp/faker', '1.20', 'Provider is deprecated and will no longer be available in Faker 2. Please use a custom provider instead')
 3 VENDORPATH\fakerphp\faker\src\Faker\Provider\Image.php(137): Faker\Provider\Image::imageUrl(640, 480, null, true, null, false, 'png')
 4 [internal function]: Faker\Provider\Image::image('C:/wamp64/www/codeigniter/pruebaImg', 640, 480)
 5 VENDORPATH\fakerphp\faker\src\Faker\Generator.php(696): call_user_func_array([...], [...])
 6 VENDORPATH\fakerphp\faker\src\Faker\Generator.php(961): Faker\Generator->format('image', [...])
 7 APPPATH\Database\Seeds\pruebaSeeder.php(12): Faker\Generator->__call('image', [...])
 8 SYSTEMPATH\Database\Seeder.php(146): App\Database\Seeds\pruebaSeeder->run()
 9 SYSTEMPATH\Commands\Database\Seed.php(77): CodeIgniter\Database\Seeder->call('App\\Database\\Seeds\\pruebaSeeder')
10 SYSTEMPATH\CLI\Commands.php(65): CodeIgniter\Commands\Database\Seed->run([])
11 SYSTEMPATH\CLI\Console.php(37): CodeIgniter\CLI\Commands->run('db:seed', [...])
12 ROOTPATH\spark(97): CodeIgniter\CLI\Console->run()
WARNING - 2023-08-18 08:11:44 --> [DEPRECATED] Since fakerphp/faker 1.20: Provider is deprecated and will no longer be available in Faker 2. Please use a custom provider instead in VENDORPATH\symfony\deprecation-contracts\function.php on line 25.
 1 VENDORPATH\symfony\deprecation-contracts\function.php(25): trigger_error('Since fakerphp/faker 1.20: Provider is deprecated and will no longer be available in Faker 2. Please use a custom provider instead', 16384)
 2 VENDORPATH\fakerphp\faker\src\Faker\Provider\Image.php(172): trigger_deprecation('fakerphp/faker', '1.20', 'Provider is deprecated and will no longer be available in Faker 2. Please use a custom provider instead')
 3 VENDORPATH\fakerphp\faker\src\Faker\Provider\Image.php(62): Faker\Provider\Image::getFormats()
 4 VENDORPATH\fakerphp\faker\src\Faker\Provider\Image.php(137): Faker\Provider\Image::imageUrl(640, 480, null, true, null, false, 'png')
 5 [internal function]: Faker\Provider\Image::image('C:/wamp64/www/codeigniter/pruebaImg', 640, 480)
 6 VENDORPATH\fakerphp\faker\src\Faker\Generator.php(696): call_user_func_array([...], [...])
 7 VENDORPATH\fakerphp\faker\src\Faker\Generator.php(961): Faker\Generator->format('image', [...])
 8 APPPATH\Database\Seeds\pruebaSeeder.php(12): Faker\Generator->__call('image', [...])
 9 SYSTEMPATH\Database\Seeder.php(146): App\Database\Seeds\pruebaSeeder->run()
10 SYSTEMPATH\Commands\Database\Seed.php(77): CodeIgniter\Database\Seeder->call('App\\Database\\Seeds\\pruebaSeeder')
11 SYSTEMPATH\CLI\Commands.php(65): CodeIgniter\Commands\Database\Seed->run([])
12 SYSTEMPATH\CLI\Console.php(37): CodeIgniter\CLI\Commands->run('db:seed', [...])
13 ROOTPATH\spark(97): CodeIgniter\CLI\Console->run()
WARNING - 2023-08-18 08:11:44 --> [DEPRECATED] Since fakerphp/faker 1.20: Provider is deprecated and will no longer be available in Faker 2. Please use a custom provider instead in VENDORPATH\symfony\deprecation-contracts\function.php on line 25.
 1 VENDORPATH\symfony\deprecation-contracts\function.php(25): trigger_error('Since fakerphp/faker 1.20: Provider is deprecated and will no longer be available in Faker 2. Please use a custom provider instead', 16384)
 2 VENDORPATH\fakerphp\faker\src\Faker\Provider\Image.php(183): trigger_deprecation('fakerphp/faker', '1.20', 'Provider is deprecated and will no longer be available in Faker 2. Please use a custom provider instead')
 3 VENDORPATH\fakerphp\faker\src\Faker\Provider\Image.php(178): Faker\Provider\Image::getFormatConstants()
 4 VENDORPATH\fakerphp\faker\src\Faker\Provider\Image.php(62): Faker\Provider\Image::getFormats()
 5 VENDORPATH\fakerphp\faker\src\Faker\Provider\Image.php(137): Faker\Provider\Image::imageUrl(640, 480, null, true, null, false, 'png')
 6 [internal function]: Faker\Provider\Image::image('C:/wamp64/www/codeigniter/pruebaImg', 640, 480)
 7 VENDORPATH\fakerphp\faker\src\Faker\Generator.php(696): call_user_func_array([...], [...])
 8 VENDORPATH\fakerphp\faker\src\Faker\Generator.php(961): Faker\Generator->format('image', [...])
 9 APPPATH\Database\Seeds\pruebaSeeder.php(12): Faker\Generator->__call('image', [...])
10 SYSTEMPATH\Database\Seeder.php(146): App\Database\Seeds\pruebaSeeder->run()
11 SYSTEMPATH\Commands\Database\Seed.php(77): CodeIgniter\Database\Seeder->call('App\\Database\\Seeds\\pruebaSeeder')
12 SYSTEMPATH\CLI\Commands.php(65): CodeIgniter\Commands\Database\Seed->run([])
13 SYSTEMPATH\CLI\Console.php(37): CodeIgniter\CLI\Commands->run('db:seed', [...])
14 ROOTPATH\spark(97): CodeIgniter\CLI\Console->run()
WARNING - 2023-08-18 08:11:44 --> [DEPRECATED] Since fakerphp/faker 1.20: Provider is deprecated and will no longer be available in Faker 2. Please use a custom provider instead in VENDORPATH\symfony\deprecation-contracts\function.php on line 25.
 1 VENDORPATH\symfony\deprecation-contracts\function.php(25): trigger_error('Since fakerphp/faker 1.20: Provider is deprecated and will no longer be available in Faker 2. Please use a custom provider instead', 16384)
 2 VENDORPATH\fakerphp\faker\src\Faker\Provider\Image.php(119): trigger_deprecation('fakerphp/faker', '1.20', 'Provider is deprecated and will no longer be available in Faker 2. Please use a custom provider instead')
 3 [internal function]: Faker\Provider\Image::image('C:/wamp64/www/codeigniter/pruebaImg', 640, 480)
 4 VENDORPATH\fakerphp\faker\src\Faker\Generator.php(696): call_user_func_array([...], [...])
 5 VENDORPATH\fakerphp\faker\src\Faker\Generator.php(961): Faker\Generator->format('image', [...])
 6 APPPATH\Database\Seeds\pruebaSeeder.php(12): Faker\Generator->__call('image', [...])
 7 SYSTEMPATH\Database\Seeder.php(146): App\Database\Seeds\pruebaSeeder->run()
 8 SYSTEMPATH\Commands\Database\Seed.php(77): CodeIgniter\Database\Seeder->call('App\\Database\\Seeds\\pruebaSeeder')
 9 SYSTEMPATH\CLI\Commands.php(65): CodeIgniter\Commands\Database\Seed->run([])
10 SYSTEMPATH\CLI\Console.php(37): CodeIgniter\CLI\Commands->run('db:seed', [...])
11 ROOTPATH\spark(97): CodeIgniter\CLI\Console->run()
WARNING - 2023-08-18 08:11:44 --> [DEPRECATED] Since fakerphp/faker 1.20: Provider is deprecated and will no longer be available in Faker 2. Please use a custom provider instead in VENDORPATH\symfony\deprecation-contracts\function.php on line 25.
 1 VENDORPATH\symfony\deprecation-contracts\function.php(25): trigger_error('Since fakerphp/faker 1.20: Provider is deprecated and will no longer be available in Faker 2. Please use a custom provider instead', 16384)
 2 VENDORPATH\fakerphp\faker\src\Faker\Provider\Image.php(55): trigger_deprecation('fakerphp/faker', '1.20', 'Provider is deprecated and will no longer be available in Faker 2. Please use a custom provider instead')
 3 VENDORPATH\fakerphp\faker\src\Faker\Provider\Image.php(137): Faker\Provider\Image::imageUrl(640, 480, null, true, null, false, 'png')
 4 [internal function]: Faker\Provider\Image::image('C:/wamp64/www/codeigniter/pruebaImg', 640, 480)
 5 VENDORPATH\fakerphp\faker\src\Faker\Generator.php(696): call_user_func_array([...], [...])
 6 VENDORPATH\fakerphp\faker\src\Faker\Generator.php(961): Faker\Generator->format('image', [...])
 7 APPPATH\Database\Seeds\pruebaSeeder.php(12): Faker\Generator->__call('image', [...])
 8 SYSTEMPATH\Database\Seeder.php(146): App\Database\Seeds\pruebaSeeder->run()
 9 SYSTEMPATH\Commands\Database\Seed.php(77): CodeIgniter\Database\Seeder->call('App\\Database\\Seeds\\pruebaSeeder')
10 SYSTEMPATH\CLI\Commands.php(65): CodeIgniter\Commands\Database\Seed->run([])
11 SYSTEMPATH\CLI\Console.php(37): CodeIgniter\CLI\Commands->run('db:seed', [...])
12 ROOTPATH\spark(97): CodeIgniter\CLI\Console->run()
WARNING - 2023-08-18 08:11:44 --> [DEPRECATED] Since fakerphp/faker 1.20: Provider is deprecated and will no longer be available in Faker 2. Please use a custom provider instead in VENDORPATH\symfony\deprecation-contracts\function.php on line 25.
 1 VENDORPATH\symfony\deprecation-contracts\function.php(25): trigger_error('Since fakerphp/faker 1.20: Provider is deprecated and will no longer be available in Faker 2. Please use a custom provider instead', 16384)
 2 VENDORPATH\fakerphp\faker\src\Faker\Provider\Image.php(172): trigger_deprecation('fakerphp/faker', '1.20', 'Provider is deprecated and will no longer be available in Faker 2. Please use a custom provider instead')
 3 VENDORPATH\fakerphp\faker\src\Faker\Provider\Image.php(62): Faker\Provider\Image::getFormats()
 4 VENDORPATH\fakerphp\faker\src\Faker\Provider\Image.php(137): Faker\Provider\Image::imageUrl(640, 480, null, true, null, false, 'png')
 5 [internal function]: Faker\Provider\Image::image('C:/wamp64/www/codeigniter/pruebaImg', 640, 480)
 6 VENDORPATH\fakerphp\faker\src\Faker\Generator.php(696): call_user_func_array([...], [...])
 7 VENDORPATH\fakerphp\faker\src\Faker\Generator.php(961): Faker\Generator->format('image', [...])
 8 APPPATH\Database\Seeds\pruebaSeeder.php(12): Faker\Generator->__call('image', [...])
 9 SYSTEMPATH\Database\Seeder.php(146): App\Database\Seeds\pruebaSeeder->run()
10 SYSTEMPATH\Commands\Database\Seed.php(77): CodeIgniter\Database\Seeder->call('App\\Database\\Seeds\\pruebaSeeder')
11 SYSTEMPATH\CLI\Commands.php(65): CodeIgniter\Commands\Database\Seed->run([])
12 SYSTEMPATH\CLI\Console.php(37): CodeIgniter\CLI\Commands->run('db:seed', [...])
13 ROOTPATH\spark(97): CodeIgniter\CLI\Console->run()
WARNING - 2023-08-18 08:11:44 --> [DEPRECATED] Since fakerphp/faker 1.20: Provider is deprecated and will no longer be available in Faker 2. Please use a custom provider instead in VENDORPATH\symfony\deprecation-contracts\function.php on line 25.
 1 VENDORPATH\symfony\deprecation-contracts\function.php(25): trigger_error('Since fakerphp/faker 1.20: Provider is deprecated and will no longer be available in Faker 2. Please use a custom provider instead', 16384)
 2 VENDORPATH\fakerphp\faker\src\Faker\Provider\Image.php(183): trigger_deprecation('fakerphp/faker', '1.20', 'Provider is deprecated and will no longer be available in Faker 2. Please use a custom provider instead')
 3 VENDORPATH\fakerphp\faker\src\Faker\Provider\Image.php(178): Faker\Provider\Image::getFormatConstants()
 4 VENDORPATH\fakerphp\faker\src\Faker\Provider\Image.php(62): Faker\Provider\Image::getFormats()
 5 VENDORPATH\fakerphp\faker\src\Faker\Provider\Image.php(137): Faker\Provider\Image::imageUrl(640, 480, null, true, null, false, 'png')
 6 [internal function]: Faker\Provider\Image::image('C:/wamp64/www/codeigniter/pruebaImg', 640, 480)
 7 VENDORPATH\fakerphp\faker\src\Faker\Generator.php(696): call_user_func_array([...], [...])
 8 VENDORPATH\fakerphp\faker\src\Faker\Generator.php(961): Faker\Generator->format('image', [...])
 9 APPPATH\Database\Seeds\pruebaSeeder.php(12): Faker\Generator->__call('image', [...])
10 SYSTEMPATH\Database\Seeder.php(146): App\Database\Seeds\pruebaSeeder->run()
11 SYSTEMPATH\Commands\Database\Seed.php(77): CodeIgniter\Database\Seeder->call('App\\Database\\Seeds\\pruebaSeeder')
12 SYSTEMPATH\CLI\Commands.php(65): CodeIgniter\Commands\Database\Seed->run([])
13 SYSTEMPATH\CLI\Console.php(37): CodeIgniter\CLI\Commands->run('db:seed', [...])
14 ROOTPATH\spark(97): CodeIgniter\CLI\Console->run()
WARNING - 2023-08-18 08:11:44 --> [DEPRECATED] Since fakerphp/faker 1.20: Provider is deprecated and will no longer be available in Faker 2. Please use a custom provider instead in VENDORPATH\symfony\deprecation-contracts\function.php on line 25.
 1 VENDORPATH\symfony\deprecation-contracts\function.php(25): trigger_error('Since fakerphp/faker 1.20: Provider is deprecated and will no longer be available in Faker 2. Please use a custom provider instead', 16384)
 2 VENDORPATH\fakerphp\faker\src\Faker\Provider\Image.php(119): trigger_deprecation('fakerphp/faker', '1.20', 'Provider is deprecated and will no longer be available in Faker 2. Please use a custom provider instead')
 3 [internal function]: Faker\Provider\Image::image('C:/wamp64/www/codeigniter/pruebaImg', 640, 480)
 4 VENDORPATH\fakerphp\faker\src\Faker\Generator.php(696): call_user_func_array([...], [...])
 5 VENDORPATH\fakerphp\faker\src\Faker\Generator.php(961): Faker\Generator->format('image', [...])
 6 APPPATH\Database\Seeds\pruebaSeeder.php(12): Faker\Generator->__call('image', [...])
 7 SYSTEMPATH\Database\Seeder.php(146): App\Database\Seeds\pruebaSeeder->run()
 8 SYSTEMPATH\Commands\Database\Seed.php(77): CodeIgniter\Database\Seeder->call('App\\Database\\Seeds\\pruebaSeeder')
 9 SYSTEMPATH\CLI\Commands.php(65): CodeIgniter\Commands\Database\Seed->run([])
10 SYSTEMPATH\CLI\Console.php(37): CodeIgniter\CLI\Commands->run('db:seed', [...])
11 ROOTPATH\spark(97): CodeIgniter\CLI\Console->run()
WARNING - 2023-08-18 08:11:44 --> [DEPRECATED] Since fakerphp/faker 1.20: Provider is deprecated and will no longer be available in Faker 2. Please use a custom provider instead in VENDORPATH\symfony\deprecation-contracts\function.php on line 25.
 1 VENDORPATH\symfony\deprecation-contracts\function.php(25): trigger_error('Since fakerphp/faker 1.20: Provider is deprecated and will no longer be available in Faker 2. Please use a custom provider instead', 16384)
 2 VENDORPATH\fakerphp\faker\src\Faker\Provider\Image.php(55): trigger_deprecation('fakerphp/faker', '1.20', 'Provider is deprecated and will no longer be available in Faker 2. Please use a custom provider instead')
 3 VENDORPATH\fakerphp\faker\src\Faker\Provider\Image.php(137): Faker\Provider\Image::imageUrl(640, 480, null, true, null, false, 'png')
 4 [internal function]: Faker\Provider\Image::image('C:/wamp64/www/codeigniter/pruebaImg', 640, 480)
 5 VENDORPATH\fakerphp\faker\src\Faker\Generator.php(696): call_user_func_array([...], [...])
 6 VENDORPATH\fakerphp\faker\src\Faker\Generator.php(961): Faker\Generator->format('image', [...])
 7 APPPATH\Database\Seeds\pruebaSeeder.php(12): Faker\Generator->__call('image', [...])
 8 SYSTEMPATH\Database\Seeder.php(146): App\Database\Seeds\pruebaSeeder->run()
 9 SYSTEMPATH\Commands\Database\Seed.php(77): CodeIgniter\Database\Seeder->call('App\\Database\\Seeds\\pruebaSeeder')
10 SYSTEMPATH\CLI\Commands.php(65): CodeIgniter\Commands\Database\Seed->run([])
11 SYSTEMPATH\CLI\Console.php(37): CodeIgniter\CLI\Commands->run('db:seed', [...])
12 ROOTPATH\spark(97): CodeIgniter\CLI\Console->run()
WARNING - 2023-08-18 08:11:44 --> [DEPRECATED] Since fakerphp/faker 1.20: Provider is deprecated and will no longer be available in Faker 2. Please use a custom provider instead in VENDORPATH\symfony\deprecation-contracts\function.php on line 25.
 1 VENDORPATH\symfony\deprecation-contracts\function.php(25): trigger_error('Since fakerphp/faker 1.20: Provider is deprecated and will no longer be available in Faker 2. Please use a custom provider instead', 16384)
 2 VENDORPATH\fakerphp\faker\src\Faker\Provider\Image.php(172): trigger_deprecation('fakerphp/faker', '1.20', 'Provider is deprecated and will no longer be available in Faker 2. Please use a custom provider instead')
 3 VENDORPATH\fakerphp\faker\src\Faker\Provider\Image.php(62): Faker\Provider\Image::getFormats()
 4 VENDORPATH\fakerphp\faker\src\Faker\Provider\Image.php(137): Faker\Provider\Image::imageUrl(640, 480, null, true, null, false, 'png')
 5 [internal function]: Faker\Provider\Image::image('C:/wamp64/www/codeigniter/pruebaImg', 640, 480)
 6 VENDORPATH\fakerphp\faker\src\Faker\Generator.php(696): call_user_func_array([...], [...])
 7 VENDORPATH\fakerphp\faker\src\Faker\Generator.php(961): Faker\Generator->format('image', [...])
 8 APPPATH\Database\Seeds\pruebaSeeder.php(12): Faker\Generator->__call('image', [...])
 9 SYSTEMPATH\Database\Seeder.php(146): App\Database\Seeds\pruebaSeeder->run()
10 SYSTEMPATH\Commands\Database\Seed.php(77): CodeIgniter\Database\Seeder->call('App\\Database\\Seeds\\pruebaSeeder')
11 SYSTEMPATH\CLI\Commands.php(65): CodeIgniter\Commands\Database\Seed->run([])
12 SYSTEMPATH\CLI\Console.php(37): CodeIgniter\CLI\Commands->run('db:seed', [...])
13 ROOTPATH\spark(97): CodeIgniter\CLI\Console->run()
WARNING - 2023-08-18 08:11:44 --> [DEPRECATED] Since fakerphp/faker 1.20: Provider is deprecated and will no longer be available in Faker 2. Please use a custom provider instead in VENDORPATH\symfony\deprecation-contracts\function.php on line 25.
 1 VENDORPATH\symfony\deprecation-contracts\function.php(25): trigger_error('Since fakerphp/faker 1.20: Provider is deprecated and will no longer be available in Faker 2. Please use a custom provider instead', 16384)
 2 VENDORPATH\fakerphp\faker\src\Faker\Provider\Image.php(183): trigger_deprecation('fakerphp/faker', '1.20', 'Provider is deprecated and will no longer be available in Faker 2. Please use a custom provider instead')
 3 VENDORPATH\fakerphp\faker\src\Faker\Provider\Image.php(178): Faker\Provider\Image::getFormatConstants()
 4 VENDORPATH\fakerphp\faker\src\Faker\Provider\Image.php(62): Faker\Provider\Image::getFormats()
 5 VENDORPATH\fakerphp\faker\src\Faker\Provider\Image.php(137): Faker\Provider\Image::imageUrl(640, 480, null, true, null, false, 'png')
 6 [internal function]: Faker\Provider\Image::image('C:/wamp64/www/codeigniter/pruebaImg', 640, 480)
 7 VENDORPATH\fakerphp\faker\src\Faker\Generator.php(696): call_user_func_array([...], [...])
 8 VENDORPATH\fakerphp\faker\src\Faker\Generator.php(961): Faker\Generator->format('image', [...])
 9 APPPATH\Database\Seeds\pruebaSeeder.php(12): Faker\Generator->__call('image', [...])
10 SYSTEMPATH\Database\Seeder.php(146): App\Database\Seeds\pruebaSeeder->run()
11 SYSTEMPATH\Commands\Database\Seed.php(77): CodeIgniter\Database\Seeder->call('App\\Database\\Seeds\\pruebaSeeder')
12 SYSTEMPATH\CLI\Commands.php(65): CodeIgniter\Commands\Database\Seed->run([])
13 SYSTEMPATH\CLI\Console.php(37): CodeIgniter\CLI\Commands->run('db:seed', [...])
14 ROOTPATH\spark(97): CodeIgniter\CLI\Console->run()
WARNING - 2023-08-18 08:11:44 --> [DEPRECATED] Since fakerphp/faker 1.20: Provider is deprecated and will no longer be available in Faker 2. Please use a custom provider instead in VENDORPATH\symfony\deprecation-contracts\function.php on line 25.
 1 VENDORPATH\symfony\deprecation-contracts\function.php(25): trigger_error('Since fakerphp/faker 1.20: Provider is deprecated and will no longer be available in Faker 2. Please use a custom provider instead', 16384)
 2 VENDORPATH\fakerphp\faker\src\Faker\Provider\Image.php(119): trigger_deprecation('fakerphp/faker', '1.20', 'Provider is deprecated and will no longer be available in Faker 2. Please use a custom provider instead')
 3 [internal function]: Faker\Provider\Image::image('C:/wamp64/www/codeigniter/pruebaImg', 640, 480)
 4 VENDORPATH\fakerphp\faker\src\Faker\Generator.php(696): call_user_func_array([...], [...])
 5 VENDORPATH\fakerphp\faker\src\Faker\Generator.php(961): Faker\Generator->format('image', [...])
 6 APPPATH\Database\Seeds\pruebaSeeder.php(12): Faker\Generator->__call('image', [...])
 7 SYSTEMPATH\Database\Seeder.php(146): App\Database\Seeds\pruebaSeeder->run()
 8 SYSTEMPATH\Commands\Database\Seed.php(77): CodeIgniter\Database\Seeder->call('App\\Database\\Seeds\\pruebaSeeder')
 9 SYSTEMPATH\CLI\Commands.php(65): CodeIgniter\Commands\Database\Seed->run([])
10 SYSTEMPATH\CLI\Console.php(37): CodeIgniter\CLI\Commands->run('db:seed', [...])
11 ROOTPATH\spark(97): CodeIgniter\CLI\Console->run()
WARNING - 2023-08-18 08:11:44 --> [DEPRECATED] Since fakerphp/faker 1.20: Provider is deprecated and will no longer be available in Faker 2. Please use a custom provider instead in VENDORPATH\symfony\deprecation-contracts\function.php on line 25.
 1 VENDORPATH\symfony\deprecation-contracts\function.php(25): trigger_error('Since fakerphp/faker 1.20: Provider is deprecated and will no longer be available in Faker 2. Please use a custom provider instead', 16384)
 2 VENDORPATH\fakerphp\faker\src\Faker\Provider\Image.php(55): trigger_deprecation('fakerphp/faker', '1.20', 'Provider is deprecated and will no longer be available in Faker 2. Please use a custom provider instead')
 3 VENDORPATH\fakerphp\faker\src\Faker\Provider\Image.php(137): Faker\Provider\Image::imageUrl(640, 480, null, true, null, false, 'png')
 4 [internal function]: Faker\Provider\Image::image('C:/wamp64/www/codeigniter/pruebaImg', 640, 480)
 5 VENDORPATH\fakerphp\faker\src\Faker\Generator.php(696): call_user_func_array([...], [...])
 6 VENDORPATH\fakerphp\faker\src\Faker\Generator.php(961): Faker\Generator->format('image', [...])
 7 APPPATH\Database\Seeds\pruebaSeeder.php(12): Faker\Generator->__call('image', [...])
 8 SYSTEMPATH\Database\Seeder.php(146): App\Database\Seeds\pruebaSeeder->run()
 9 SYSTEMPATH\Commands\Database\Seed.php(77): CodeIgniter\Database\Seeder->call('App\\Database\\Seeds\\pruebaSeeder')
10 SYSTEMPATH\CLI\Commands.php(65): CodeIgniter\Commands\Database\Seed->run([])
11 SYSTEMPATH\CLI\Console.php(37): CodeIgniter\CLI\Commands->run('db:seed', [...])
12 ROOTPATH\spark(97): CodeIgniter\CLI\Console->run()
WARNING - 2023-08-18 08:11:45 --> [DEPRECATED] Since fakerphp/faker 1.20: Provider is deprecated and will no longer be available in Faker 2. Please use a custom provider instead in VENDORPATH\symfony\deprecation-contracts\function.php on line 25.
 1 VENDORPATH\symfony\deprecation-contracts\function.php(25): trigger_error('Since fakerphp/faker 1.20: Provider is deprecated and will no longer be available in Faker 2. Please use a custom provider instead', 16384)
 2 VENDORPATH\fakerphp\faker\src\Faker\Provider\Image.php(172): trigger_deprecation('fakerphp/faker', '1.20', 'Provider is deprecated and will no longer be available in Faker 2. Please use a custom provider instead')
 3 VENDORPATH\fakerphp\faker\src\Faker\Provider\Image.php(62): Faker\Provider\Image::getFormats()
 4 VENDORPATH\fakerphp\faker\src\Faker\Provider\Image.php(137): Faker\Provider\Image::imageUrl(640, 480, null, true, null, false, 'png')
 5 [internal function]: Faker\Provider\Image::image('C:/wamp64/www/codeigniter/pruebaImg', 640, 480)
 6 VENDORPATH\fakerphp\faker\src\Faker\Generator.php(696): call_user_func_array([...], [...])
 7 VENDORPATH\fakerphp\faker\src\Faker\Generator.php(961): Faker\Generator->format('image', [...])
 8 APPPATH\Database\Seeds\pruebaSeeder.php(12): Faker\Generator->__call('image', [...])
 9 SYSTEMPATH\Database\Seeder.php(146): App\Database\Seeds\pruebaSeeder->run()
10 SYSTEMPATH\Commands\Database\Seed.php(77): CodeIgniter\Database\Seeder->call('App\\Database\\Seeds\\pruebaSeeder')
11 SYSTEMPATH\CLI\Commands.php(65): CodeIgniter\Commands\Database\Seed->run([])
12 SYSTEMPATH\CLI\Console.php(37): CodeIgniter\CLI\Commands->run('db:seed', [...])
13 ROOTPATH\spark(97): CodeIgniter\CLI\Console->run()
WARNING - 2023-08-18 08:11:45 --> [DEPRECATED] Since fakerphp/faker 1.20: Provider is deprecated and will no longer be available in Faker 2. Please use a custom provider instead in VENDORPATH\symfony\deprecation-contracts\function.php on line 25.
 1 VENDORPATH\symfony\deprecation-contracts\function.php(25): trigger_error('Since fakerphp/faker 1.20: Provider is deprecated and will no longer be available in Faker 2. Please use a custom provider instead', 16384)
 2 VENDORPATH\fakerphp\faker\src\Faker\Provider\Image.php(183): trigger_deprecation('fakerphp/faker', '1.20', 'Provider is deprecated and will no longer be available in Faker 2. Please use a custom provider instead')
 3 VENDORPATH\fakerphp\faker\src\Faker\Provider\Image.php(178): Faker\Provider\Image::getFormatConstants()
 4 VENDORPATH\fakerphp\faker\src\Faker\Provider\Image.php(62): Faker\Provider\Image::getFormats()
 5 VENDORPATH\fakerphp\faker\src\Faker\Provider\Image.php(137): Faker\Provider\Image::imageUrl(640, 480, null, true, null, false, 'png')
 6 [internal function]: Faker\Provider\Image::image('C:/wamp64/www/codeigniter/pruebaImg', 640, 480)
 7 VENDORPATH\fakerphp\faker\src\Faker\Generator.php(696): call_user_func_array([...], [...])
 8 VENDORPATH\fakerphp\faker\src\Faker\Generator.php(961): Faker\Generator->format('image', [...])
 9 APPPATH\Database\Seeds\pruebaSeeder.php(12): Faker\Generator->__call('image', [...])
10 SYSTEMPATH\Database\Seeder.php(146): App\Database\Seeds\pruebaSeeder->run()
11 SYSTEMPATH\Commands\Database\Seed.php(77): CodeIgniter\Database\Seeder->call('App\\Database\\Seeds\\pruebaSeeder')
12 SYSTEMPATH\CLI\Commands.php(65): CodeIgniter\Commands\Database\Seed->run([])
13 SYSTEMPATH\CLI\Console.php(37): CodeIgniter\CLI\Commands->run('db:seed', [...])
14 ROOTPATH\spark(97): CodeIgniter\CLI\Console->run()
WARNING - 2023-08-18 08:12:44 --> [DEPRECATED] Since fakerphp/faker 1.20: Provider is deprecated and will no longer be available in Faker 2. Please use a custom provider instead in VENDORPATH\symfony\deprecation-contracts\function.php on line 25.
 1 VENDORPATH\symfony\deprecation-contracts\function.php(25): trigger_error('Since fakerphp/faker 1.20: Provider is deprecated and will no longer be available in Faker 2. Please use a custom provider instead', 16384)
 2 VENDORPATH\fakerphp\faker\src\Faker\Provider\Image.php(119): trigger_deprecation('fakerphp/faker', '1.20', 'Provider is deprecated and will no longer be available in Faker 2. Please use a custom provider instead')
 3 [internal function]: Faker\Provider\Image::image('/temp', 640, 480)
 4 VENDORPATH\fakerphp\faker\src\Faker\Generator.php(696): call_user_func_array([...], [...])
 5 VENDORPATH\fakerphp\faker\src\Faker\Generator.php(961): Faker\Generator->format('image', [...])
 6 APPPATH\Database\Seeds\pruebaSeeder.php(18): Faker\Generator->__call('image', [...])
 7 SYSTEMPATH\Database\Seeder.php(146): App\Database\Seeds\pruebaSeeder->run()
 8 SYSTEMPATH\Commands\Database\Seed.php(77): CodeIgniter\Database\Seeder->call('App\\Database\\Seeds\\pruebaSeeder')
 9 SYSTEMPATH\CLI\Commands.php(65): CodeIgniter\Commands\Database\Seed->run([])
10 SYSTEMPATH\CLI\Console.php(37): CodeIgniter\CLI\Commands->run('db:seed', [...])
11 ROOTPATH\spark(97): CodeIgniter\CLI\Console->run()
WARNING - 2023-08-18 08:15:46 --> [DEPRECATED] Since fakerphp/faker 1.20: Provider is deprecated and will no longer be available in Faker 2. Please use a custom provider instead in VENDORPATH\symfony\deprecation-contracts\function.php on line 25.
 1 VENDORPATH\symfony\deprecation-contracts\function.php(25): trigger_error('Since fakerphp/faker 1.20: Provider is deprecated and will no longer be available in Faker 2. Please use a custom provider instead', 16384)
 2 VENDORPATH\fakerphp\faker\src\Faker\Provider\Image.php(119): trigger_deprecation('fakerphp/faker', '1.20', 'Provider is deprecated and will no longer be available in Faker 2. Please use a custom provider instead')
 3 [internal function]: Faker\Provider\Image::image('../../../pruebaImg', 640, 480)
 4 VENDORPATH\fakerphp\faker\src\Faker\Generator.php(696): call_user_func_array([...], [...])
 5 VENDORPATH\fakerphp\faker\src\Faker\Generator.php(961): Faker\Generator->format('image', [...])
 6 APPPATH\Database\Seeds\pruebaSeeder.php(18): Faker\Generator->__call('image', [...])
 7 SYSTEMPATH\Database\Seeder.php(146): App\Database\Seeds\pruebaSeeder->run()
 8 SYSTEMPATH\Commands\Database\Seed.php(77): CodeIgniter\Database\Seeder->call('App\\Database\\Seeds\\pruebaSeeder')
 9 SYSTEMPATH\CLI\Commands.php(65): CodeIgniter\Commands\Database\Seed->run([])
10 SYSTEMPATH\CLI\Console.php(37): CodeIgniter\CLI\Commands->run('db:seed', [...])
11 ROOTPATH\spark(97): CodeIgniter\CLI\Console->run()
WARNING - 2023-08-18 08:16:15 --> [DEPRECATED] Since fakerphp/faker 1.20: Provider is deprecated and will no longer be available in Faker 2. Please use a custom provider instead in VENDORPATH\symfony\deprecation-contracts\function.php on line 25.
 1 VENDORPATH\symfony\deprecation-contracts\function.php(25): trigger_error('Since fakerphp/faker 1.20: Provider is deprecated and will no longer be available in Faker 2. Please use a custom provider instead', 16384)
 2 VENDORPATH\fakerphp\faker\src\Faker\Provider\Image.php(119): trigger_deprecation('fakerphp/faker', '1.20', 'Provider is deprecated and will no longer be available in Faker 2. Please use a custom provider instead')
 3 [internal function]: Faker\Provider\Image::image('/pruebaImg', 640, 480)
 4 VENDORPATH\fakerphp\faker\src\Faker\Generator.php(696): call_user_func_array([...], [...])
 5 VENDORPATH\fakerphp\faker\src\Faker\Generator.php(961): Faker\Generator->format('image', [...])
 6 APPPATH\Database\Seeds\pruebaSeeder.php(18): Faker\Generator->__call('image', [...])
 7 SYSTEMPATH\Database\Seeder.php(146): App\Database\Seeds\pruebaSeeder->run()
 8 SYSTEMPATH\Commands\Database\Seed.php(77): CodeIgniter\Database\Seeder->call('App\\Database\\Seeds\\pruebaSeeder')
 9 SYSTEMPATH\CLI\Commands.php(65): CodeIgniter\Commands\Database\Seed->run([])
10 SYSTEMPATH\CLI\Console.php(37): CodeIgniter\CLI\Commands->run('db:seed', [...])
11 ROOTPATH\spark(97): CodeIgniter\CLI\Console->run()
