CRITICAL - 2023-08-06 00:28:38 --> Undefined variable $post
in APPPATH\Controllers\AuthController.php on line 23.
 1 APPPATH\Controllers\AuthController.php(23): CodeIgniter\Debug\Exceptions->errorHandler(2, 'Undefined variable $post', 'C:\\wamp64\\www\\codeigniter\\app\\Controllers\\AuthController.php', 23)
 2 SYSTEMPATH\CodeIgniter.php(932): App\Controllers\AuthController->login()
 3 SYSTEMPATH\CodeIgniter.php(497): CodeIgniter\CodeIgniter->runController(Object(App\Controllers\AuthController))
 4 SYSTEMPATH\CodeIgniter.php(366): CodeIgniter\CodeIgniter->handleRequest(null, Object(Config\Cache), false)
 5 FCPATH\index.php(67): CodeIgniter\CodeIgniter->run()
CRITICAL - 2023-08-06 01:57:35 --> CodeIgniter\Database\BaseBuilder::get(): Argument #1 ($limit) must be of type ?int, string given, called in C:\wamp64\www\codeigniter\app\Entities\ProductoEntity.php on line 14
in SYSTEMPATH\Database\BaseBuilder.php on line 1608.
 1 APPPATH\Entities\ProductoEntity.php(14): CodeIgniter\Database\BaseBuilder->get('productos')
 2 APPPATH\Controllers\ProductoController.php(12): App\Entities\ProductoEntity->all()
 3 SYSTEMPATH\CodeIgniter.php(932): App\Controllers\ProductoController->index()
 4 SYSTEMPATH\CodeIgniter.php(497): CodeIgniter\CodeIgniter->runController(Object(App\Controllers\ProductoController))
 5 SYSTEMPATH\CodeIgniter.php(366): CodeIgniter\CodeIgniter->handleRequest(null, Object(Config\Cache), false)
 6 FCPATH\index.php(67): CodeIgniter\CodeIgniter->run()
CRITICAL - 2023-08-06 01:58:14 --> Call to a member function get() on null
in APPPATH\Entities\ProductoEntity.php on line 13.
 1 APPPATH\Controllers\ProductoController.php(12): App\Entities\ProductoEntity->all()
 2 SYSTEMPATH\CodeIgniter.php(932): App\Controllers\ProductoController->index()
 3 SYSTEMPATH\CodeIgniter.php(497): CodeIgniter\CodeIgniter->runController(Object(App\Controllers\ProductoController))
 4 SYSTEMPATH\CodeIgniter.php(366): CodeIgniter\CodeIgniter->handleRequest(null, Object(Config\Cache), false)
 5 FCPATH\index.php(67): CodeIgniter\CodeIgniter->run()
CRITICAL - 2023-08-06 02:07:49 --> Attempt to read property "nombre" on string
in APPPATH\Views\pagina\inicio.php on line 33.
 1 APPPATH\Views\pagina\inicio.php(33): CodeIgniter\Debug\Exceptions->errorHandler(2, 'Attempt to read property "nombre" on string', 'C:\\wamp64\\www\\codeigniter\\app\\Views\\pagina\\inicio.php', 33)
 2 SYSTEMPATH\View\View.php(224): include('C:\\wamp64\\www\\codeigniter\\app\\Views\\pagina\\inicio.php')
 3 SYSTEMPATH\View\View.php(227): CodeIgniter\View\View->CodeIgniter\View\{closure}()
 4 SYSTEMPATH\Common.php(1180): CodeIgniter\View\View->render('pagina/inicio', [], true)
 5 APPPATH\Controllers\ProductoController.php(13): view('pagina/inicio', [...])
 6 SYSTEMPATH\CodeIgniter.php(932): App\Controllers\ProductoController->index()
 7 SYSTEMPATH\CodeIgniter.php(497): CodeIgniter\CodeIgniter->runController(Object(App\Controllers\ProductoController))
 8 SYSTEMPATH\CodeIgniter.php(366): CodeIgniter\CodeIgniter->handleRequest(null, Object(Config\Cache), false)
 9 FCPATH\index.php(67): CodeIgniter\CodeIgniter->run()
CRITICAL - 2023-08-06 02:35:35 --> Undefined variable $alertas
in APPPATH\Views\pagina\crear.php on line 13.
 1 APPPATH\Views\pagina\crear.php(13): CodeIgniter\Debug\Exceptions->errorHandler(2, 'Undefined variable $alertas', 'C:\\wamp64\\www\\codeigniter\\app\\Views\\pagina\\crear.php', 13)
 2 SYSTEMPATH\View\View.php(224): include('C:\\wamp64\\www\\codeigniter\\app\\Views\\pagina\\crear.php')
 3 SYSTEMPATH\View\View.php(227): CodeIgniter\View\View->CodeIgniter\View\{closure}()
 4 SYSTEMPATH\Common.php(1180): CodeIgniter\View\View->render('pagina/crear', [], true)
 5 APPPATH\Controllers\ProductoController.php(22): view('pagina/crear')
 6 SYSTEMPATH\CodeIgniter.php(932): App\Controllers\ProductoController->crear()
 7 SYSTEMPATH\CodeIgniter.php(497): CodeIgniter\CodeIgniter->runController(Object(App\Controllers\ProductoController))
 8 SYSTEMPATH\CodeIgniter.php(366): CodeIgniter\CodeIgniter->handleRequest(null, Object(Config\Cache), false)
 9 FCPATH\index.php(67): CodeIgniter\CodeIgniter->run()
ERROR - 2023-08-06 03:12:11 --> mysqli_sql_exception: Unknown column 'productos.deleted_at' in 'where clause' in C:\wamp64\www\codeigniter\system\Database\MySQLi\Connection.php:295
Stack trace:
#0 C:\wamp64\www\codeigniter\system\Database\MySQLi\Connection.php(295): mysqli->query('SELECT *\nFROM `...', 0)
#1 C:\wamp64\www\codeigniter\system\Database\BaseConnection.php(692): CodeIgniter\Database\MySQLi\Connection->execute('SELECT *\nFROM `...')
#2 C:\wamp64\www\codeigniter\system\Database\BaseConnection.php(606): CodeIgniter\Database\BaseConnection->simpleQuery('SELECT *\nFROM `...')
#3 C:\wamp64\www\codeigniter\system\Database\BaseBuilder.php(1616): CodeIgniter\Database\BaseConnection->query('SELECT *\nFROM `...', Array, false)
#4 C:\wamp64\www\codeigniter\system\Model.php(200): CodeIgniter\Database\BaseBuilder->get()
#5 C:\wamp64\www\codeigniter\system\BaseModel.php(557): CodeIgniter\Model->doFind(true, '1')
#6 C:\wamp64\www\codeigniter\app\Controllers\ProductoController.php(43): CodeIgniter\BaseModel->find('1')
#7 C:\wamp64\www\codeigniter\system\CodeIgniter.php(932): App\Controllers\ProductoController->editar('1')
#8 C:\wamp64\www\codeigniter\system\CodeIgniter.php(497): CodeIgniter\CodeIgniter->runController(Object(App\Controllers\ProductoController))
#9 C:\wamp64\www\codeigniter\system\CodeIgniter.php(366): CodeIgniter\CodeIgniter->handleRequest(NULL, Object(Config\Cache), false)
#10 C:\wamp64\www\codeigniter\public\index.php(67): CodeIgniter\CodeIgniter->run()
#11 {main}
CRITICAL - 2023-08-06 03:12:11 --> Unknown column 'productos.deleted_at' in 'where clause'
in SYSTEMPATH\Database\MySQLi\Connection.php on line 295.
 1 SYSTEMPATH\Database\MySQLi\Connection.php(295): mysqli->query('SELECT *
FROM `productos`
WHERE `productos`.`deleted_at` IS NULL
AND `productos`.`id` = \'1\'', 0)
 2 SYSTEMPATH\Database\BaseConnection.php(692): CodeIgniter\Database\MySQLi\Connection->execute('SELECT *
FROM `productos`
WHERE `productos`.`deleted_at` IS NULL
AND `productos`.`id` = \'1\'')
 3 SYSTEMPATH\Database\BaseConnection.php(606): CodeIgniter\Database\BaseConnection->simpleQuery('SELECT *
FROM `productos`
WHERE `productos`.`deleted_at` IS NULL
AND `productos`.`id` = \'1\'')
 4 SYSTEMPATH\Database\BaseBuilder.php(1616): CodeIgniter\Database\BaseConnection->query('SELECT *
FROM `productos`
WHERE `productos`.`deleted_at` IS NULL
AND `productos`.`id` = :productos.id:', [...], false)
 5 SYSTEMPATH\Model.php(200): CodeIgniter\Database\BaseBuilder->get()
 6 SYSTEMPATH\BaseModel.php(557): CodeIgniter\Model->doFind(true, '1')
 7 APPPATH\Controllers\ProductoController.php(43): CodeIgniter\BaseModel->find('1')
 8 SYSTEMPATH\CodeIgniter.php(932): App\Controllers\ProductoController->editar('1')
 9 SYSTEMPATH\CodeIgniter.php(497): CodeIgniter\CodeIgniter->runController(Object(App\Controllers\ProductoController))
10 SYSTEMPATH\CodeIgniter.php(366): CodeIgniter\CodeIgniter->handleRequest(null, Object(Config\Cache), false)
11 FCPATH\index.php(67): CodeIgniter\CodeIgniter->run()
ERROR - 2023-08-06 03:12:38 --> mysqli_sql_exception: Unknown column 'productos.deleted_at' in 'where clause' in C:\wamp64\www\codeigniter\system\Database\MySQLi\Connection.php:295
Stack trace:
#0 C:\wamp64\www\codeigniter\system\Database\MySQLi\Connection.php(295): mysqli->query('SELECT *\nFROM `...', 0)
#1 C:\wamp64\www\codeigniter\system\Database\BaseConnection.php(692): CodeIgniter\Database\MySQLi\Connection->execute('SELECT *\nFROM `...')
#2 C:\wamp64\www\codeigniter\system\Database\BaseConnection.php(606): CodeIgniter\Database\BaseConnection->simpleQuery('SELECT *\nFROM `...')
#3 C:\wamp64\www\codeigniter\system\Database\BaseBuilder.php(1616): CodeIgniter\Database\BaseConnection->query('SELECT *\nFROM `...', Array, false)
#4 C:\wamp64\www\codeigniter\system\Model.php(200): CodeIgniter\Database\BaseBuilder->get()
#5 C:\wamp64\www\codeigniter\system\BaseModel.php(557): CodeIgniter\Model->doFind(true, '2')
#6 C:\wamp64\www\codeigniter\app\Controllers\ProductoController.php(43): CodeIgniter\BaseModel->find('2')
#7 C:\wamp64\www\codeigniter\system\CodeIgniter.php(932): App\Controllers\ProductoController->editar('2')
#8 C:\wamp64\www\codeigniter\system\CodeIgniter.php(497): CodeIgniter\CodeIgniter->runController(Object(App\Controllers\ProductoController))
#9 C:\wamp64\www\codeigniter\system\CodeIgniter.php(366): CodeIgniter\CodeIgniter->handleRequest(NULL, Object(Config\Cache), false)
#10 C:\wamp64\www\codeigniter\public\index.php(67): CodeIgniter\CodeIgniter->run()
#11 {main}
CRITICAL - 2023-08-06 03:12:38 --> Unknown column 'productos.deleted_at' in 'where clause'
in SYSTEMPATH\Database\MySQLi\Connection.php on line 295.
 1 SYSTEMPATH\Database\MySQLi\Connection.php(295): mysqli->query('SELECT *
FROM `productos`
WHERE `productos`.`deleted_at` IS NULL
AND `productos`.`id` = \'2\'', 0)
 2 SYSTEMPATH\Database\BaseConnection.php(692): CodeIgniter\Database\MySQLi\Connection->execute('SELECT *
FROM `productos`
WHERE `productos`.`deleted_at` IS NULL
AND `productos`.`id` = \'2\'')
 3 SYSTEMPATH\Database\BaseConnection.php(606): CodeIgniter\Database\BaseConnection->simpleQuery('SELECT *
FROM `productos`
WHERE `productos`.`deleted_at` IS NULL
AND `productos`.`id` = \'2\'')
 4 SYSTEMPATH\Database\BaseBuilder.php(1616): CodeIgniter\Database\BaseConnection->query('SELECT *
FROM `productos`
WHERE `productos`.`deleted_at` IS NULL
AND `productos`.`id` = :productos.id:', [...], false)
 5 SYSTEMPATH\Model.php(200): CodeIgniter\Database\BaseBuilder->get()
 6 SYSTEMPATH\BaseModel.php(557): CodeIgniter\Model->doFind(true, '2')
 7 APPPATH\Controllers\ProductoController.php(43): CodeIgniter\BaseModel->find('2')
 8 SYSTEMPATH\CodeIgniter.php(932): App\Controllers\ProductoController->editar('2')
 9 SYSTEMPATH\CodeIgniter.php(497): CodeIgniter\CodeIgniter->runController(Object(App\Controllers\ProductoController))
10 SYSTEMPATH\CodeIgniter.php(366): CodeIgniter\CodeIgniter->handleRequest(null, Object(Config\Cache), false)
11 FCPATH\index.php(67): CodeIgniter\CodeIgniter->run()
ERROR - 2023-08-06 03:12:46 --> mysqli_sql_exception: Unknown column 'productos.deleted_at' in 'where clause' in C:\wamp64\www\codeigniter\system\Database\MySQLi\Connection.php:295
Stack trace:
#0 C:\wamp64\www\codeigniter\system\Database\MySQLi\Connection.php(295): mysqli->query('SELECT *\nFROM `...', 0)
#1 C:\wamp64\www\codeigniter\system\Database\BaseConnection.php(692): CodeIgniter\Database\MySQLi\Connection->execute('SELECT *\nFROM `...')
#2 C:\wamp64\www\codeigniter\system\Database\BaseConnection.php(606): CodeIgniter\Database\BaseConnection->simpleQuery('SELECT *\nFROM `...')
#3 C:\wamp64\www\codeigniter\system\Database\BaseBuilder.php(1616): CodeIgniter\Database\BaseConnection->query('SELECT *\nFROM `...', Array, false)
#4 C:\wamp64\www\codeigniter\system\Model.php(200): CodeIgniter\Database\BaseBuilder->get()
#5 C:\wamp64\www\codeigniter\system\BaseModel.php(557): CodeIgniter\Model->doFind(true, '3')
#6 C:\wamp64\www\codeigniter\app\Controllers\ProductoController.php(43): CodeIgniter\BaseModel->find('3')
#7 C:\wamp64\www\codeigniter\system\CodeIgniter.php(932): App\Controllers\ProductoController->editar('3')
#8 C:\wamp64\www\codeigniter\system\CodeIgniter.php(497): CodeIgniter\CodeIgniter->runController(Object(App\Controllers\ProductoController))
#9 C:\wamp64\www\codeigniter\system\CodeIgniter.php(366): CodeIgniter\CodeIgniter->handleRequest(NULL, Object(Config\Cache), false)
#10 C:\wamp64\www\codeigniter\public\index.php(67): CodeIgniter\CodeIgniter->run()
#11 {main}
CRITICAL - 2023-08-06 03:12:46 --> Unknown column 'productos.deleted_at' in 'where clause'
in SYSTEMPATH\Database\MySQLi\Connection.php on line 295.
 1 SYSTEMPATH\Database\MySQLi\Connection.php(295): mysqli->query('SELECT *
FROM `productos`
WHERE `productos`.`deleted_at` IS NULL
AND `productos`.`id` = \'3\'', 0)
 2 SYSTEMPATH\Database\BaseConnection.php(692): CodeIgniter\Database\MySQLi\Connection->execute('SELECT *
FROM `productos`
WHERE `productos`.`deleted_at` IS NULL
AND `productos`.`id` = \'3\'')
 3 SYSTEMPATH\Database\BaseConnection.php(606): CodeIgniter\Database\BaseConnection->simpleQuery('SELECT *
FROM `productos`
WHERE `productos`.`deleted_at` IS NULL
AND `productos`.`id` = \'3\'')
 4 SYSTEMPATH\Database\BaseBuilder.php(1616): CodeIgniter\Database\BaseConnection->query('SELECT *
FROM `productos`
WHERE `productos`.`deleted_at` IS NULL
AND `productos`.`id` = :productos.id:', [...], false)
 5 SYSTEMPATH\Model.php(200): CodeIgniter\Database\BaseBuilder->get()
 6 SYSTEMPATH\BaseModel.php(557): CodeIgniter\Model->doFind(true, '3')
 7 APPPATH\Controllers\ProductoController.php(43): CodeIgniter\BaseModel->find('3')
 8 SYSTEMPATH\CodeIgniter.php(932): App\Controllers\ProductoController->editar('3')
 9 SYSTEMPATH\CodeIgniter.php(497): CodeIgniter\CodeIgniter->runController(Object(App\Controllers\ProductoController))
10 SYSTEMPATH\CodeIgniter.php(366): CodeIgniter\CodeIgniter->handleRequest(null, Object(Config\Cache), false)
11 FCPATH\index.php(67): CodeIgniter\CodeIgniter->run()
ERROR - 2023-08-06 03:13:28 --> mysqli_sql_exception: Unknown column 'productos.deleted_at' in 'where clause' in C:\wamp64\www\codeigniter\system\Database\MySQLi\Connection.php:295
Stack trace:
#0 C:\wamp64\www\codeigniter\system\Database\MySQLi\Connection.php(295): mysqli->query('SELECT *\nFROM `...', 0)
#1 C:\wamp64\www\codeigniter\system\Database\BaseConnection.php(692): CodeIgniter\Database\MySQLi\Connection->execute('SELECT *\nFROM `...')
#2 C:\wamp64\www\codeigniter\system\Database\BaseConnection.php(606): CodeIgniter\Database\BaseConnection->simpleQuery('SELECT *\nFROM `...')
#3 C:\wamp64\www\codeigniter\system\Database\BaseBuilder.php(1616): CodeIgniter\Database\BaseConnection->query('SELECT *\nFROM `...', Array, false)
#4 C:\wamp64\www\codeigniter\system\Model.php(200): CodeIgniter\Database\BaseBuilder->get()
#5 C:\wamp64\www\codeigniter\system\BaseModel.php(557): CodeIgniter\Model->doFind(true, '1')
#6 C:\wamp64\www\codeigniter\app\Controllers\ProductoController.php(43): CodeIgniter\BaseModel->find('1')
#7 C:\wamp64\www\codeigniter\system\CodeIgniter.php(932): App\Controllers\ProductoController->editar('1')
#8 C:\wamp64\www\codeigniter\system\CodeIgniter.php(497): CodeIgniter\CodeIgniter->runController(Object(App\Controllers\ProductoController))
#9 C:\wamp64\www\codeigniter\system\CodeIgniter.php(366): CodeIgniter\CodeIgniter->handleRequest(NULL, Object(Config\Cache), false)
#10 C:\wamp64\www\codeigniter\public\index.php(67): CodeIgniter\CodeIgniter->run()
#11 {main}
CRITICAL - 2023-08-06 03:13:28 --> Unknown column 'productos.deleted_at' in 'where clause'
in SYSTEMPATH\Database\MySQLi\Connection.php on line 295.
 1 SYSTEMPATH\Database\MySQLi\Connection.php(295): mysqli->query('SELECT *
FROM `productos`
WHERE `productos`.`deleted_at` IS NULL
AND `productos`.`id` = \'1\'', 0)
 2 SYSTEMPATH\Database\BaseConnection.php(692): CodeIgniter\Database\MySQLi\Connection->execute('SELECT *
FROM `productos`
WHERE `productos`.`deleted_at` IS NULL
AND `productos`.`id` = \'1\'')
 3 SYSTEMPATH\Database\BaseConnection.php(606): CodeIgniter\Database\BaseConnection->simpleQuery('SELECT *
FROM `productos`
WHERE `productos`.`deleted_at` IS NULL
AND `productos`.`id` = \'1\'')
 4 SYSTEMPATH\Database\BaseBuilder.php(1616): CodeIgniter\Database\BaseConnection->query('SELECT *
FROM `productos`
WHERE `productos`.`deleted_at` IS NULL
AND `productos`.`id` = :productos.id:', [...], false)
 5 SYSTEMPATH\Model.php(200): CodeIgniter\Database\BaseBuilder->get()
 6 SYSTEMPATH\BaseModel.php(557): CodeIgniter\Model->doFind(true, '1')
 7 APPPATH\Controllers\ProductoController.php(43): CodeIgniter\BaseModel->find('1')
 8 SYSTEMPATH\CodeIgniter.php(932): App\Controllers\ProductoController->editar('1')
 9 SYSTEMPATH\CodeIgniter.php(497): CodeIgniter\CodeIgniter->runController(Object(App\Controllers\ProductoController))
10 SYSTEMPATH\CodeIgniter.php(366): CodeIgniter\CodeIgniter->handleRequest(null, Object(Config\Cache), false)
11 FCPATH\index.php(67): CodeIgniter\CodeIgniter->run()
ERROR - 2023-08-06 03:14:18 --> mysqli_sql_exception: Unknown column 'productos.deleted_at' in 'where clause' in C:\wamp64\www\codeigniter\system\Database\MySQLi\Connection.php:295
Stack trace:
#0 C:\wamp64\www\codeigniter\system\Database\MySQLi\Connection.php(295): mysqli->query('SELECT *\nFROM `...', 0)
#1 C:\wamp64\www\codeigniter\system\Database\BaseConnection.php(692): CodeIgniter\Database\MySQLi\Connection->execute('SELECT *\nFROM `...')
#2 C:\wamp64\www\codeigniter\system\Database\BaseConnection.php(606): CodeIgniter\Database\BaseConnection->simpleQuery('SELECT *\nFROM `...')
#3 C:\wamp64\www\codeigniter\system\Database\BaseBuilder.php(1616): CodeIgniter\Database\BaseConnection->query('SELECT *\nFROM `...', Array, false)
#4 C:\wamp64\www\codeigniter\system\Model.php(200): CodeIgniter\Database\BaseBuilder->get()
#5 C:\wamp64\www\codeigniter\system\BaseModel.php(557): CodeIgniter\Model->doFind(true, 1)
#6 C:\wamp64\www\codeigniter\app\Controllers\ProductoController.php(43): CodeIgniter\BaseModel->find(1)
#7 C:\wamp64\www\codeigniter\system\CodeIgniter.php(932): App\Controllers\ProductoController->editar('1')
#8 C:\wamp64\www\codeigniter\system\CodeIgniter.php(497): CodeIgniter\CodeIgniter->runController(Object(App\Controllers\ProductoController))
#9 C:\wamp64\www\codeigniter\system\CodeIgniter.php(366): CodeIgniter\CodeIgniter->handleRequest(NULL, Object(Config\Cache), false)
#10 C:\wamp64\www\codeigniter\public\index.php(67): CodeIgniter\CodeIgniter->run()
#11 {main}
CRITICAL - 2023-08-06 03:14:18 --> Unknown column 'productos.deleted_at' in 'where clause'
in SYSTEMPATH\Database\MySQLi\Connection.php on line 295.
 1 SYSTEMPATH\Database\MySQLi\Connection.php(295): mysqli->query('SELECT *
FROM `productos`
WHERE `productos`.`deleted_at` IS NULL
AND `productos`.`id` = 1', 0)
 2 SYSTEMPATH\Database\BaseConnection.php(692): CodeIgniter\Database\MySQLi\Connection->execute('SELECT *
FROM `productos`
WHERE `productos`.`deleted_at` IS NULL
AND `productos`.`id` = 1')
 3 SYSTEMPATH\Database\BaseConnection.php(606): CodeIgniter\Database\BaseConnection->simpleQuery('SELECT *
FROM `productos`
WHERE `productos`.`deleted_at` IS NULL
AND `productos`.`id` = 1')
 4 SYSTEMPATH\Database\BaseBuilder.php(1616): CodeIgniter\Database\BaseConnection->query('SELECT *
FROM `productos`
WHERE `productos`.`deleted_at` IS NULL
AND `productos`.`id` = :productos.id:', [...], false)
 5 SYSTEMPATH\Model.php(200): CodeIgniter\Database\BaseBuilder->get()
 6 SYSTEMPATH\BaseModel.php(557): CodeIgniter\Model->doFind(true, 1)
 7 APPPATH\Controllers\ProductoController.php(43): CodeIgniter\BaseModel->find(1)
 8 SYSTEMPATH\CodeIgniter.php(932): App\Controllers\ProductoController->editar('1')
 9 SYSTEMPATH\CodeIgniter.php(497): CodeIgniter\CodeIgniter->runController(Object(App\Controllers\ProductoController))
10 SYSTEMPATH\CodeIgniter.php(366): CodeIgniter\CodeIgniter->handleRequest(null, Object(Config\Cache), false)
11 FCPATH\index.php(67): CodeIgniter\CodeIgniter->run()
ERROR - 2023-08-06 03:15:35 --> mysqli_sql_exception: Unknown column 'productos.deleted_at' in 'where clause' in C:\wamp64\www\codeigniter\system\Database\MySQLi\Connection.php:295
Stack trace:
#0 C:\wamp64\www\codeigniter\system\Database\MySQLi\Connection.php(295): mysqli->query('SELECT *\nFROM `...', 0)
#1 C:\wamp64\www\codeigniter\system\Database\BaseConnection.php(692): CodeIgniter\Database\MySQLi\Connection->execute('SELECT *\nFROM `...')
#2 C:\wamp64\www\codeigniter\system\Database\BaseConnection.php(606): CodeIgniter\Database\BaseConnection->simpleQuery('SELECT *\nFROM `...')
#3 C:\wamp64\www\codeigniter\system\Database\BaseBuilder.php(1616): CodeIgniter\Database\BaseConnection->query('SELECT *\nFROM `...', Array, false)
#4 C:\wamp64\www\codeigniter\system\Model.php(196): CodeIgniter\Database\BaseBuilder->get()
#5 C:\wamp64\www\codeigniter\system\BaseModel.php(557): CodeIgniter\Model->doFind(false, Array)
#6 C:\wamp64\www\codeigniter\app\Controllers\ProductoController.php(43): CodeIgniter\BaseModel->find(Array)
#7 C:\wamp64\www\codeigniter\system\CodeIgniter.php(932): App\Controllers\ProductoController->editar('1')
#8 C:\wamp64\www\codeigniter\system\CodeIgniter.php(497): CodeIgniter\CodeIgniter->runController(Object(App\Controllers\ProductoController))
#9 C:\wamp64\www\codeigniter\system\CodeIgniter.php(366): CodeIgniter\CodeIgniter->handleRequest(NULL, Object(Config\Cache), false)
#10 C:\wamp64\www\codeigniter\public\index.php(67): CodeIgniter\CodeIgniter->run()
#11 {main}
CRITICAL - 2023-08-06 03:15:35 --> Unknown column 'productos.deleted_at' in 'where clause'
in SYSTEMPATH\Database\MySQLi\Connection.php on line 295.
 1 SYSTEMPATH\Database\MySQLi\Connection.php(295): mysqli->query('SELECT *
FROM `productos`
WHERE `productos`.`deleted_at` IS NULL
AND `productos`.`id` IN (1)', 0)
 2 SYSTEMPATH\Database\BaseConnection.php(692): CodeIgniter\Database\MySQLi\Connection->execute('SELECT *
FROM `productos`
WHERE `productos`.`deleted_at` IS NULL
AND `productos`.`id` IN (1)')
 3 SYSTEMPATH\Database\BaseConnection.php(606): CodeIgniter\Database\BaseConnection->simpleQuery('SELECT *
FROM `productos`
WHERE `productos`.`deleted_at` IS NULL
AND `productos`.`id` IN (1)')
 4 SYSTEMPATH\Database\BaseBuilder.php(1616): CodeIgniter\Database\BaseConnection->query('SELECT *
FROM `productos`
WHERE `productos`.`deleted_at` IS NULL
AND `productos`.`id` IN :productos.id:', [...], false)
 5 SYSTEMPATH\Model.php(196): CodeIgniter\Database\BaseBuilder->get()
 6 SYSTEMPATH\BaseModel.php(557): CodeIgniter\Model->doFind(false, [...])
 7 APPPATH\Controllers\ProductoController.php(43): CodeIgniter\BaseModel->find([...])
 8 SYSTEMPATH\CodeIgniter.php(932): App\Controllers\ProductoController->editar('1')
 9 SYSTEMPATH\CodeIgniter.php(497): CodeIgniter\CodeIgniter->runController(Object(App\Controllers\ProductoController))
10 SYSTEMPATH\CodeIgniter.php(366): CodeIgniter\CodeIgniter->handleRequest(null, Object(Config\Cache), false)
11 FCPATH\index.php(67): CodeIgniter\CodeIgniter->run()
ERROR - 2023-08-06 03:15:58 --> mysqli_sql_exception: Unknown column 'productos.deleted_at' in 'where clause' in C:\wamp64\www\codeigniter\system\Database\MySQLi\Connection.php:295
Stack trace:
#0 C:\wamp64\www\codeigniter\system\Database\MySQLi\Connection.php(295): mysqli->query('SELECT *\nFROM `...', 0)
#1 C:\wamp64\www\codeigniter\system\Database\BaseConnection.php(692): CodeIgniter\Database\MySQLi\Connection->execute('SELECT *\nFROM `...')
#2 C:\wamp64\www\codeigniter\system\Database\BaseConnection.php(606): CodeIgniter\Database\BaseConnection->simpleQuery('SELECT *\nFROM `...')
#3 C:\wamp64\www\codeigniter\system\Database\BaseBuilder.php(1616): CodeIgniter\Database\BaseConnection->query('SELECT *\nFROM `...', Array, false)
#4 C:\wamp64\www\codeigniter\system\Model.php(241): CodeIgniter\Database\BaseBuilder->get()
#5 C:\wamp64\www\codeigniter\system\BaseModel.php(618): CodeIgniter\Model->doFindAll(0, 0)
#6 C:\wamp64\www\codeigniter\app\Controllers\ProductoController.php(43): CodeIgniter\BaseModel->findAll()
#7 C:\wamp64\www\codeigniter\system\CodeIgniter.php(932): App\Controllers\ProductoController->editar('1')
#8 C:\wamp64\www\codeigniter\system\CodeIgniter.php(497): CodeIgniter\CodeIgniter->runController(Object(App\Controllers\ProductoController))
#9 C:\wamp64\www\codeigniter\system\CodeIgniter.php(366): CodeIgniter\CodeIgniter->handleRequest(NULL, Object(Config\Cache), false)
#10 C:\wamp64\www\codeigniter\public\index.php(67): CodeIgniter\CodeIgniter->run()
#11 {main}
CRITICAL - 2023-08-06 03:15:58 --> Unknown column 'productos.deleted_at' in 'where clause'
in SYSTEMPATH\Database\MySQLi\Connection.php on line 295.
 1 SYSTEMPATH\Database\MySQLi\Connection.php(295): mysqli->query('SELECT *
FROM `productos`
WHERE `productos`.`deleted_at` IS NULL', 0)
 2 SYSTEMPATH\Database\BaseConnection.php(692): CodeIgniter\Database\MySQLi\Connection->execute('SELECT *
FROM `productos`
WHERE `productos`.`deleted_at` IS NULL')
 3 SYSTEMPATH\Database\BaseConnection.php(606): CodeIgniter\Database\BaseConnection->simpleQuery('SELECT *
FROM `productos`
WHERE `productos`.`deleted_at` IS NULL')
 4 SYSTEMPATH\Database\BaseBuilder.php(1616): CodeIgniter\Database\BaseConnection->query('SELECT *
FROM `productos`
WHERE `productos`.`deleted_at` IS NULL', [], false)
 5 SYSTEMPATH\Model.php(241): CodeIgniter\Database\BaseBuilder->get()
 6 SYSTEMPATH\BaseModel.php(618): CodeIgniter\Model->doFindAll(0, 0)
 7 APPPATH\Controllers\ProductoController.php(43): CodeIgniter\BaseModel->findAll()
 8 SYSTEMPATH\CodeIgniter.php(932): App\Controllers\ProductoController->editar('1')
 9 SYSTEMPATH\CodeIgniter.php(497): CodeIgniter\CodeIgniter->runController(Object(App\Controllers\ProductoController))
10 SYSTEMPATH\CodeIgniter.php(366): CodeIgniter\CodeIgniter->handleRequest(null, Object(Config\Cache), false)
11 FCPATH\index.php(67): CodeIgniter\CodeIgniter->run()
ERROR - 2023-08-06 03:17:37 --> mysqli_sql_exception: Unknown column 'productos.deleted_at' in 'where clause' in C:\wamp64\www\codeigniter\system\Database\MySQLi\Connection.php:295
Stack trace:
#0 C:\wamp64\www\codeigniter\system\Database\MySQLi\Connection.php(295): mysqli->query('SELECT *\nFROM `...', 0)
#1 C:\wamp64\www\codeigniter\system\Database\BaseConnection.php(692): CodeIgniter\Database\MySQLi\Connection->execute('SELECT *\nFROM `...')
#2 C:\wamp64\www\codeigniter\system\Database\BaseConnection.php(606): CodeIgniter\Database\BaseConnection->simpleQuery('SELECT *\nFROM `...')
#3 C:\wamp64\www\codeigniter\system\Database\BaseBuilder.php(1616): CodeIgniter\Database\BaseConnection->query('SELECT *\nFROM `...', Array, false)
#4 C:\wamp64\www\codeigniter\system\Model.php(203): CodeIgniter\Database\BaseBuilder->get()
#5 C:\wamp64\www\codeigniter\system\BaseModel.php(557): CodeIgniter\Model->doFind(false, NULL)
#6 C:\wamp64\www\codeigniter\app\Controllers\ProductoController.php(43): CodeIgniter\BaseModel->find()
#7 C:\wamp64\www\codeigniter\system\CodeIgniter.php(932): App\Controllers\ProductoController->editar('1')
#8 C:\wamp64\www\codeigniter\system\CodeIgniter.php(497): CodeIgniter\CodeIgniter->runController(Object(App\Controllers\ProductoController))
#9 C:\wamp64\www\codeigniter\system\CodeIgniter.php(366): CodeIgniter\CodeIgniter->handleRequest(NULL, Object(Config\Cache), false)
#10 C:\wamp64\www\codeigniter\public\index.php(67): CodeIgniter\CodeIgniter->run()
#11 {main}
CRITICAL - 2023-08-06 03:17:37 --> Unknown column 'productos.deleted_at' in 'where clause'
in SYSTEMPATH\Database\MySQLi\Connection.php on line 295.
 1 SYSTEMPATH\Database\MySQLi\Connection.php(295): mysqli->query('SELECT *
FROM `productos`
WHERE `productos`.`deleted_at` IS NULL', 0)
 2 SYSTEMPATH\Database\BaseConnection.php(692): CodeIgniter\Database\MySQLi\Connection->execute('SELECT *
FROM `productos`
WHERE `productos`.`deleted_at` IS NULL')
 3 SYSTEMPATH\Database\BaseConnection.php(606): CodeIgniter\Database\BaseConnection->simpleQuery('SELECT *
FROM `productos`
WHERE `productos`.`deleted_at` IS NULL')
 4 SYSTEMPATH\Database\BaseBuilder.php(1616): CodeIgniter\Database\BaseConnection->query('SELECT *
FROM `productos`
WHERE `productos`.`deleted_at` IS NULL', [], false)
 5 SYSTEMPATH\Model.php(203): CodeIgniter\Database\BaseBuilder->get()
 6 SYSTEMPATH\BaseModel.php(557): CodeIgniter\Model->doFind(false, null)
 7 APPPATH\Controllers\ProductoController.php(43): CodeIgniter\BaseModel->find()
 8 SYSTEMPATH\CodeIgniter.php(932): App\Controllers\ProductoController->editar('1')
 9 SYSTEMPATH\CodeIgniter.php(497): CodeIgniter\CodeIgniter->runController(Object(App\Controllers\ProductoController))
10 SYSTEMPATH\CodeIgniter.php(366): CodeIgniter\CodeIgniter->handleRequest(null, Object(Config\Cache), false)
11 FCPATH\index.php(67): CodeIgniter\CodeIgniter->run()
ERROR - 2023-08-06 03:19:08 --> mysqli_sql_exception: Unknown column 'productos.deleted_at' in 'where clause' in C:\wamp64\www\codeigniter\system\Database\MySQLi\Connection.php:295
Stack trace:
#0 C:\wamp64\www\codeigniter\system\Database\MySQLi\Connection.php(295): mysqli->query('SELECT *\nFROM `...', 0)
#1 C:\wamp64\www\codeigniter\system\Database\BaseConnection.php(692): CodeIgniter\Database\MySQLi\Connection->execute('SELECT *\nFROM `...')
#2 C:\wamp64\www\codeigniter\system\Database\BaseConnection.php(606): CodeIgniter\Database\BaseConnection->simpleQuery('SELECT *\nFROM `...')
#3 C:\wamp64\www\codeigniter\system\Database\BaseBuilder.php(1616): CodeIgniter\Database\BaseConnection->query('SELECT *\nFROM `...', Array, false)
#4 C:\wamp64\www\codeigniter\system\Model.php(200): CodeIgniter\Database\BaseBuilder->get()
#5 C:\wamp64\www\codeigniter\system\BaseModel.php(557): CodeIgniter\Model->doFind(true, 1)
#6 C:\wamp64\www\codeigniter\app\Controllers\ProductoController.php(42): CodeIgniter\BaseModel->find(1)
#7 C:\wamp64\www\codeigniter\system\CodeIgniter.php(932): App\Controllers\ProductoController->editar('1')
#8 C:\wamp64\www\codeigniter\system\CodeIgniter.php(497): CodeIgniter\CodeIgniter->runController(Object(App\Controllers\ProductoController))
#9 C:\wamp64\www\codeigniter\system\CodeIgniter.php(366): CodeIgniter\CodeIgniter->handleRequest(NULL, Object(Config\Cache), false)
#10 C:\wamp64\www\codeigniter\public\index.php(67): CodeIgniter\CodeIgniter->run()
#11 {main}
CRITICAL - 2023-08-06 03:19:08 --> Unknown column 'productos.deleted_at' in 'where clause'
in SYSTEMPATH\Database\MySQLi\Connection.php on line 295.
 1 SYSTEMPATH\Database\MySQLi\Connection.php(295): mysqli->query('SELECT *
FROM `productos`
WHERE `productos`.`deleted_at` IS NULL
AND `productos`.`id` = 1', 0)
 2 SYSTEMPATH\Database\BaseConnection.php(692): CodeIgniter\Database\MySQLi\Connection->execute('SELECT *
FROM `productos`
WHERE `productos`.`deleted_at` IS NULL
AND `productos`.`id` = 1')
 3 SYSTEMPATH\Database\BaseConnection.php(606): CodeIgniter\Database\BaseConnection->simpleQuery('SELECT *
FROM `productos`
WHERE `productos`.`deleted_at` IS NULL
AND `productos`.`id` = 1')
 4 SYSTEMPATH\Database\BaseBuilder.php(1616): CodeIgniter\Database\BaseConnection->query('SELECT *
FROM `productos`
WHERE `productos`.`deleted_at` IS NULL
AND `productos`.`id` = :productos.id:', [...], false)
 5 SYSTEMPATH\Model.php(200): CodeIgniter\Database\BaseBuilder->get()
 6 SYSTEMPATH\BaseModel.php(557): CodeIgniter\Model->doFind(true, 1)
 7 APPPATH\Controllers\ProductoController.php(42): CodeIgniter\BaseModel->find(1)
 8 SYSTEMPATH\CodeIgniter.php(932): App\Controllers\ProductoController->editar('1')
 9 SYSTEMPATH\CodeIgniter.php(497): CodeIgniter\CodeIgniter->runController(Object(App\Controllers\ProductoController))
10 SYSTEMPATH\CodeIgniter.php(366): CodeIgniter\CodeIgniter->handleRequest(null, Object(Config\Cache), false)
11 FCPATH\index.php(67): CodeIgniter\CodeIgniter->run()
ERROR - 2023-08-06 03:22:55 --> mysqli_sql_exception: Unknown column 'productos.deleted_at' in 'where clause' in C:\wamp64\www\codeigniter\system\Database\MySQLi\Connection.php:295
Stack trace:
#0 C:\wamp64\www\codeigniter\system\Database\MySQLi\Connection.php(295): mysqli->query('SELECT *\nFROM `...', 0)
#1 C:\wamp64\www\codeigniter\system\Database\BaseConnection.php(692): CodeIgniter\Database\MySQLi\Connection->execute('SELECT *\nFROM `...')
#2 C:\wamp64\www\codeigniter\system\Database\BaseConnection.php(606): CodeIgniter\Database\BaseConnection->simpleQuery('SELECT *\nFROM `...')
#3 C:\wamp64\www\codeigniter\system\Database\BaseBuilder.php(1616): CodeIgniter\Database\BaseConnection->query('SELECT *\nFROM `...', Array, false)
#4 C:\wamp64\www\codeigniter\system\Model.php(200): CodeIgniter\Database\BaseBuilder->get()
#5 C:\wamp64\www\codeigniter\system\BaseModel.php(557): CodeIgniter\Model->doFind(true, 1)
#6 C:\wamp64\www\codeigniter\app\Controllers\ProductoController.php(42): CodeIgniter\BaseModel->find(1)
#7 C:\wamp64\www\codeigniter\system\CodeIgniter.php(932): App\Controllers\ProductoController->editar('1')
#8 C:\wamp64\www\codeigniter\system\CodeIgniter.php(497): CodeIgniter\CodeIgniter->runController(Object(App\Controllers\ProductoController))
#9 C:\wamp64\www\codeigniter\system\CodeIgniter.php(366): CodeIgniter\CodeIgniter->handleRequest(NULL, Object(Config\Cache), false)
#10 C:\wamp64\www\codeigniter\public\index.php(67): CodeIgniter\CodeIgniter->run()
#11 {main}
CRITICAL - 2023-08-06 03:22:55 --> Unknown column 'productos.deleted_at' in 'where clause'
in SYSTEMPATH\Database\MySQLi\Connection.php on line 295.
 1 SYSTEMPATH\Database\MySQLi\Connection.php(295): mysqli->query('SELECT *
FROM `productos`
WHERE `productos`.`deleted_at` IS NULL
AND `productos`.`id` = 1', 0)
 2 SYSTEMPATH\Database\BaseConnection.php(692): CodeIgniter\Database\MySQLi\Connection->execute('SELECT *
FROM `productos`
WHERE `productos`.`deleted_at` IS NULL
AND `productos`.`id` = 1')
 3 SYSTEMPATH\Database\BaseConnection.php(606): CodeIgniter\Database\BaseConnection->simpleQuery('SELECT *
FROM `productos`
WHERE `productos`.`deleted_at` IS NULL
AND `productos`.`id` = 1')
 4 SYSTEMPATH\Database\BaseBuilder.php(1616): CodeIgniter\Database\BaseConnection->query('SELECT *
FROM `productos`
WHERE `productos`.`deleted_at` IS NULL
AND `productos`.`id` = :productos.id:', [...], false)
 5 SYSTEMPATH\Model.php(200): CodeIgniter\Database\BaseBuilder->get()
 6 SYSTEMPATH\BaseModel.php(557): CodeIgniter\Model->doFind(true, 1)
 7 APPPATH\Controllers\ProductoController.php(42): CodeIgniter\BaseModel->find(1)
 8 SYSTEMPATH\CodeIgniter.php(932): App\Controllers\ProductoController->editar('1')
 9 SYSTEMPATH\CodeIgniter.php(497): CodeIgniter\CodeIgniter->runController(Object(App\Controllers\ProductoController))
10 SYSTEMPATH\CodeIgniter.php(366): CodeIgniter\CodeIgniter->handleRequest(null, Object(Config\Cache), false)
11 FCPATH\index.php(67): CodeIgniter\CodeIgniter->run()
ERROR - 2023-08-06 03:27:18 --> mysqli_sql_exception: Unknown column 'productos.deleted_at' in 'where clause' in C:\wamp64\www\codeigniter\system\Database\MySQLi\Connection.php:295
Stack trace:
#0 C:\wamp64\www\codeigniter\system\Database\MySQLi\Connection.php(295): mysqli->query('SELECT *\nFROM `...', 0)
#1 C:\wamp64\www\codeigniter\system\Database\BaseConnection.php(692): CodeIgniter\Database\MySQLi\Connection->execute('SELECT *\nFROM `...')
#2 C:\wamp64\www\codeigniter\system\Database\BaseConnection.php(606): CodeIgniter\Database\BaseConnection->simpleQuery('SELECT *\nFROM `...')
#3 C:\wamp64\www\codeigniter\system\Database\BaseBuilder.php(1616): CodeIgniter\Database\BaseConnection->query('SELECT *\nFROM `...', Array, false)
#4 C:\wamp64\www\codeigniter\system\Model.php(200): CodeIgniter\Database\BaseBuilder->get()
#5 C:\wamp64\www\codeigniter\system\BaseModel.php(557): CodeIgniter\Model->doFind(true, 1)
#6 C:\wamp64\www\codeigniter\app\Controllers\ProductoController.php(42): CodeIgniter\BaseModel->find(1)
#7 C:\wamp64\www\codeigniter\system\CodeIgniter.php(932): App\Controllers\ProductoController->editar('1')
#8 C:\wamp64\www\codeigniter\system\CodeIgniter.php(497): CodeIgniter\CodeIgniter->runController(Object(App\Controllers\ProductoController))
#9 C:\wamp64\www\codeigniter\system\CodeIgniter.php(366): CodeIgniter\CodeIgniter->handleRequest(NULL, Object(Config\Cache), false)
#10 C:\wamp64\www\codeigniter\public\index.php(67): CodeIgniter\CodeIgniter->run()
#11 {main}
CRITICAL - 2023-08-06 03:27:18 --> Unknown column 'productos.deleted_at' in 'where clause'
in SYSTEMPATH\Database\MySQLi\Connection.php on line 295.
 1 SYSTEMPATH\Database\MySQLi\Connection.php(295): mysqli->query('SELECT *
FROM `productos`
WHERE `productos`.`deleted_at` IS NULL
AND `productos`.`id` = 1', 0)
 2 SYSTEMPATH\Database\BaseConnection.php(692): CodeIgniter\Database\MySQLi\Connection->execute('SELECT *
FROM `productos`
WHERE `productos`.`deleted_at` IS NULL
AND `productos`.`id` = 1')
 3 SYSTEMPATH\Database\BaseConnection.php(606): CodeIgniter\Database\BaseConnection->simpleQuery('SELECT *
FROM `productos`
WHERE `productos`.`deleted_at` IS NULL
AND `productos`.`id` = 1')
 4 SYSTEMPATH\Database\BaseBuilder.php(1616): CodeIgniter\Database\BaseConnection->query('SELECT *
FROM `productos`
WHERE `productos`.`deleted_at` IS NULL
AND `productos`.`id` = :productos.id:', [...], false)
 5 SYSTEMPATH\Model.php(200): CodeIgniter\Database\BaseBuilder->get()
 6 SYSTEMPATH\BaseModel.php(557): CodeIgniter\Model->doFind(true, 1)
 7 APPPATH\Controllers\ProductoController.php(42): CodeIgniter\BaseModel->find(1)
 8 SYSTEMPATH\CodeIgniter.php(932): App\Controllers\ProductoController->editar('1')
 9 SYSTEMPATH\CodeIgniter.php(497): CodeIgniter\CodeIgniter->runController(Object(App\Controllers\ProductoController))
10 SYSTEMPATH\CodeIgniter.php(366): CodeIgniter\CodeIgniter->handleRequest(null, Object(Config\Cache), false)
11 FCPATH\index.php(67): CodeIgniter\CodeIgniter->run()
ERROR - 2023-08-06 03:30:45 --> mysqli_sql_exception: Unknown column 'productos.deleted_at' in 'where clause' in C:\wamp64\www\codeigniter\system\Database\MySQLi\Connection.php:295
Stack trace:
#0 C:\wamp64\www\codeigniter\system\Database\MySQLi\Connection.php(295): mysqli->query('SELECT *\nFROM `...', 0)
#1 C:\wamp64\www\codeigniter\system\Database\BaseConnection.php(692): CodeIgniter\Database\MySQLi\Connection->execute('SELECT *\nFROM `...')
#2 C:\wamp64\www\codeigniter\system\Database\BaseConnection.php(606): CodeIgniter\Database\BaseConnection->simpleQuery('SELECT *\nFROM `...')
#3 C:\wamp64\www\codeigniter\system\Database\BaseBuilder.php(1616): CodeIgniter\Database\BaseConnection->query('SELECT *\nFROM `...', Array, false)
#4 C:\wamp64\www\codeigniter\system\Model.php(200): CodeIgniter\Database\BaseBuilder->get()
#5 C:\wamp64\www\codeigniter\system\BaseModel.php(557): CodeIgniter\Model->doFind(true, 1)
#6 C:\wamp64\www\codeigniter\app\Controllers\ProductoController.php(42): CodeIgniter\BaseModel->find(1)
#7 C:\wamp64\www\codeigniter\system\CodeIgniter.php(932): App\Controllers\ProductoController->editar('1')
#8 C:\wamp64\www\codeigniter\system\CodeIgniter.php(497): CodeIgniter\CodeIgniter->runController(Object(App\Controllers\ProductoController))
#9 C:\wamp64\www\codeigniter\system\CodeIgniter.php(366): CodeIgniter\CodeIgniter->handleRequest(NULL, Object(Config\Cache), false)
#10 C:\wamp64\www\codeigniter\public\index.php(67): CodeIgniter\CodeIgniter->run()
#11 {main}
CRITICAL - 2023-08-06 03:30:45 --> Unknown column 'productos.deleted_at' in 'where clause'
in SYSTEMPATH\Database\MySQLi\Connection.php on line 295.
 1 SYSTEMPATH\Database\MySQLi\Connection.php(295): mysqli->query('SELECT *
FROM `productos`
WHERE `productos`.`deleted_at` IS NULL
AND `productos`.`id` = 1', 0)
 2 SYSTEMPATH\Database\BaseConnection.php(692): CodeIgniter\Database\MySQLi\Connection->execute('SELECT *
FROM `productos`
WHERE `productos`.`deleted_at` IS NULL
AND `productos`.`id` = 1')
 3 SYSTEMPATH\Database\BaseConnection.php(606): CodeIgniter\Database\BaseConnection->simpleQuery('SELECT *
FROM `productos`
WHERE `productos`.`deleted_at` IS NULL
AND `productos`.`id` = 1')
 4 SYSTEMPATH\Database\BaseBuilder.php(1616): CodeIgniter\Database\BaseConnection->query('SELECT *
FROM `productos`
WHERE `productos`.`deleted_at` IS NULL
AND `productos`.`id` = :productos.id:', [...], false)
 5 SYSTEMPATH\Model.php(200): CodeIgniter\Database\BaseBuilder->get()
 6 SYSTEMPATH\BaseModel.php(557): CodeIgniter\Model->doFind(true, 1)
 7 APPPATH\Controllers\ProductoController.php(42): CodeIgniter\BaseModel->find(1)
 8 SYSTEMPATH\CodeIgniter.php(932): App\Controllers\ProductoController->editar('1')
 9 SYSTEMPATH\CodeIgniter.php(497): CodeIgniter\CodeIgniter->runController(Object(App\Controllers\ProductoController))
10 SYSTEMPATH\CodeIgniter.php(366): CodeIgniter\CodeIgniter->handleRequest(null, Object(Config\Cache), false)
11 FCPATH\index.php(67): CodeIgniter\CodeIgniter->run()
ERROR - 2023-08-06 03:30:48 --> mysqli_sql_exception: Unknown column 'productos.deleted_at' in 'where clause' in C:\wamp64\www\codeigniter\system\Database\MySQLi\Connection.php:295
Stack trace:
#0 C:\wamp64\www\codeigniter\system\Database\MySQLi\Connection.php(295): mysqli->query('SELECT *\nFROM `...', 0)
#1 C:\wamp64\www\codeigniter\system\Database\BaseConnection.php(692): CodeIgniter\Database\MySQLi\Connection->execute('SELECT *\nFROM `...')
#2 C:\wamp64\www\codeigniter\system\Database\BaseConnection.php(606): CodeIgniter\Database\BaseConnection->simpleQuery('SELECT *\nFROM `...')
#3 C:\wamp64\www\codeigniter\system\Database\BaseBuilder.php(1616): CodeIgniter\Database\BaseConnection->query('SELECT *\nFROM `...', Array, false)
#4 C:\wamp64\www\codeigniter\system\Model.php(200): CodeIgniter\Database\BaseBuilder->get()
#5 C:\wamp64\www\codeigniter\system\BaseModel.php(557): CodeIgniter\Model->doFind(true, 1)
#6 C:\wamp64\www\codeigniter\app\Controllers\ProductoController.php(42): CodeIgniter\BaseModel->find(1)
#7 C:\wamp64\www\codeigniter\system\CodeIgniter.php(932): App\Controllers\ProductoController->editar('1')
#8 C:\wamp64\www\codeigniter\system\CodeIgniter.php(497): CodeIgniter\CodeIgniter->runController(Object(App\Controllers\ProductoController))
#9 C:\wamp64\www\codeigniter\system\CodeIgniter.php(366): CodeIgniter\CodeIgniter->handleRequest(NULL, Object(Config\Cache), false)
#10 C:\wamp64\www\codeigniter\public\index.php(67): CodeIgniter\CodeIgniter->run()
#11 {main}
CRITICAL - 2023-08-06 03:30:48 --> Unknown column 'productos.deleted_at' in 'where clause'
in SYSTEMPATH\Database\MySQLi\Connection.php on line 295.
 1 SYSTEMPATH\Database\MySQLi\Connection.php(295): mysqli->query('SELECT *
FROM `productos`
WHERE `productos`.`deleted_at` IS NULL
AND `productos`.`id` = 1', 0)
 2 SYSTEMPATH\Database\BaseConnection.php(692): CodeIgniter\Database\MySQLi\Connection->execute('SELECT *
FROM `productos`
WHERE `productos`.`deleted_at` IS NULL
AND `productos`.`id` = 1')
 3 SYSTEMPATH\Database\BaseConnection.php(606): CodeIgniter\Database\BaseConnection->simpleQuery('SELECT *
FROM `productos`
WHERE `productos`.`deleted_at` IS NULL
AND `productos`.`id` = 1')
 4 SYSTEMPATH\Database\BaseBuilder.php(1616): CodeIgniter\Database\BaseConnection->query('SELECT *
FROM `productos`
WHERE `productos`.`deleted_at` IS NULL
AND `productos`.`id` = :productos.id:', [...], false)
 5 SYSTEMPATH\Model.php(200): CodeIgniter\Database\BaseBuilder->get()
 6 SYSTEMPATH\BaseModel.php(557): CodeIgniter\Model->doFind(true, 1)
 7 APPPATH\Controllers\ProductoController.php(42): CodeIgniter\BaseModel->find(1)
 8 SYSTEMPATH\CodeIgniter.php(932): App\Controllers\ProductoController->editar('1')
 9 SYSTEMPATH\CodeIgniter.php(497): CodeIgniter\CodeIgniter->runController(Object(App\Controllers\ProductoController))
10 SYSTEMPATH\CodeIgniter.php(366): CodeIgniter\CodeIgniter->handleRequest(null, Object(Config\Cache), false)
11 FCPATH\index.php(67): CodeIgniter\CodeIgniter->run()
CRITICAL - 2023-08-06 03:43:43 --> Attempt to read property "nombre" on array
in APPPATH\Views\pagina\inicio.php on line 33.
 1 APPPATH\Views\pagina\inicio.php(33): CodeIgniter\Debug\Exceptions->errorHandler(2, 'Attempt to read property "nombre" on array', 'C:\\wamp64\\www\\codeigniter\\app\\Views\\pagina\\inicio.php', 33)
 2 SYSTEMPATH\View\View.php(224): include('C:\\wamp64\\www\\codeigniter\\app\\Views\\pagina\\inicio.php')
 3 SYSTEMPATH\View\View.php(227): CodeIgniter\View\View->CodeIgniter\View\{closure}()
 4 SYSTEMPATH\Common.php(1180): CodeIgniter\View\View->render('pagina/inicio', [], true)
 5 APPPATH\Controllers\ProductoController.php(14): view('pagina/inicio', [...])
 6 SYSTEMPATH\CodeIgniter.php(932): App\Controllers\ProductoController->index()
 7 SYSTEMPATH\CodeIgniter.php(497): CodeIgniter\CodeIgniter->runController(Object(App\Controllers\ProductoController))
 8 SYSTEMPATH\CodeIgniter.php(366): CodeIgniter\CodeIgniter->handleRequest(null, Object(Config\Cache), false)
 9 FCPATH\index.php(67): CodeIgniter\CodeIgniter->run()
CRITICAL - 2023-08-06 03:45:30 --> Attempt to read property "nombre" on array
in APPPATH\Controllers\ProductoController.php on line 14.
 1 APPPATH\Controllers\ProductoController.php(14): CodeIgniter\Debug\Exceptions->errorHandler(2, 'Attempt to read property "nombre" on array', 'C:\\wamp64\\www\\codeigniter\\app\\Controllers\\ProductoController.php', 14)
 2 SYSTEMPATH\CodeIgniter.php(932): App\Controllers\ProductoController->index()
 3 SYSTEMPATH\CodeIgniter.php(497): CodeIgniter\CodeIgniter->runController(Object(App\Controllers\ProductoController))
 4 SYSTEMPATH\CodeIgniter.php(366): CodeIgniter\CodeIgniter->handleRequest(null, Object(Config\Cache), false)
 5 FCPATH\index.php(67): CodeIgniter\CodeIgniter->run()
CRITICAL - 2023-08-06 03:55:12 --> CodeIgniter\Entity\Entity::__construct(): Argument #1 ($data) must be of type ?array, stdClass given, called in C:\wamp64\www\codeigniter\app\Controllers\ProductoController.php on line 44
in SYSTEMPATH\Entity\Entity.php on line 117.
 1 APPPATH\Controllers\ProductoController.php(44): CodeIgniter\Entity\Entity->__construct(Object(stdClass))
 2 SYSTEMPATH\CodeIgniter.php(932): App\Controllers\ProductoController->editar('1')
 3 SYSTEMPATH\CodeIgniter.php(497): CodeIgniter\CodeIgniter->runController(Object(App\Controllers\ProductoController))
 4 SYSTEMPATH\CodeIgniter.php(366): CodeIgniter\CodeIgniter->handleRequest(null, Object(Config\Cache), false)
 5 FCPATH\index.php(67): CodeIgniter\CodeIgniter->run()
